{"/root/RJ/Andela/sendit/build/app.js":{"path":"/root/RJ/Andela/sendit/build/app.js","s":{"1":1,"2":1,"3":1,"4":1,"5":1,"6":1,"7":1,"8":1,"9":1,"10":1,"11":1,"12":1,"13":1,"14":1,"15":1,"16":1,"17":1,"18":1,"19":1,"20":1,"21":1,"22":1,"23":1,"24":1,"25":1,"26":1,"27":1,"28":1,"29":1,"30":1,"31":14,"32":1,"33":1,"34":1,"35":1,"36":1,"37":1,"38":1,"39":1,"40":1,"41":1,"42":1,"43":1,"44":1,"45":1,"46":1,"47":1,"48":1,"49":1,"50":1,"51":0,"52":1,"53":5,"54":5,"55":5,"56":5,"57":5,"58":1},"b":{"1":[8,6],"2":[14,14],"3":[5,0],"4":[5,5]},"f":{"1":14,"2":0,"3":5},"fnMap":{"1":{"name":"_interopRequireDefault","line":63,"loc":{"start":{"line":63,"column":0},"end":{"line":63,"column":37}}},"2":{"name":"(anonymous_2)","line":92,"loc":{"start":{"line":92,"column":8},"end":{"line":92,"column":34}}},"3":{"name":"(anonymous_3)","line":97,"loc":{"start":{"line":97,"column":8},"end":{"line":97,"column":39}}}},"statementMap":{"1":{"start":{"line":3,"column":0},"end":{"line":5,"column":3}},"2":{"start":{"line":7,"column":0},"end":{"line":7,"column":41}},"3":{"start":{"line":9,"column":0},"end":{"line":9,"column":55}},"4":{"start":{"line":11,"column":0},"end":{"line":11,"column":34}},"5":{"start":{"line":13,"column":0},"end":{"line":13,"column":49}},"6":{"start":{"line":15,"column":0},"end":{"line":15,"column":28}},"7":{"start":{"line":17,"column":0},"end":{"line":17,"column":43}},"8":{"start":{"line":19,"column":0},"end":{"line":19,"column":41}},"9":{"start":{"line":21,"column":0},"end":{"line":21,"column":55}},"10":{"start":{"line":23,"column":0},"end":{"line":23,"column":45}},"11":{"start":{"line":25,"column":0},"end":{"line":25,"column":59}},"12":{"start":{"line":27,"column":0},"end":{"line":27,"column":32}},"13":{"start":{"line":29,"column":0},"end":{"line":29,"column":47}},"14":{"start":{"line":31,"column":0},"end":{"line":31,"column":39}},"15":{"start":{"line":33,"column":0},"end":{"line":33,"column":45}},"16":{"start":{"line":35,"column":0},"end":{"line":35,"column":39}},"17":{"start":{"line":37,"column":0},"end":{"line":37,"column":45}},"18":{"start":{"line":39,"column":0},"end":{"line":39,"column":41}},"19":{"start":{"line":41,"column":0},"end":{"line":41,"column":47}},"20":{"start":{"line":43,"column":0},"end":{"line":43,"column":43}},"21":{"start":{"line":45,"column":0},"end":{"line":45,"column":49}},"22":{"start":{"line":47,"column":0},"end":{"line":47,"column":43}},"23":{"start":{"line":49,"column":0},"end":{"line":49,"column":46}},"24":{"start":{"line":51,"column":0},"end":{"line":51,"column":43}},"25":{"start":{"line":53,"column":0},"end":{"line":53,"column":46}},"26":{"start":{"line":55,"column":0},"end":{"line":55,"column":45}},"27":{"start":{"line":57,"column":0},"end":{"line":57,"column":48}},"28":{"start":{"line":59,"column":0},"end":{"line":59,"column":47}},"29":{"start":{"line":61,"column":0},"end":{"line":61,"column":50}},"30":{"start":{"line":63,"column":0},"end":{"line":63,"column":95}},"31":{"start":{"line":63,"column":39},"end":{"line":63,"column":93}},"32":{"start":{"line":65,"column":0},"end":{"line":65,"column":35}},"33":{"start":{"line":68,"column":0},"end":{"line":68,"column":58}},"34":{"start":{"line":69,"column":0},"end":{"line":69,"column":31}},"35":{"start":{"line":71,"column":0},"end":{"line":71,"column":38}},"36":{"start":{"line":72,"column":0},"end":{"line":72,"column":34}},"37":{"start":{"line":73,"column":0},"end":{"line":73,"column":59}},"38":{"start":{"line":74,"column":0},"end":{"line":74,"column":37}},"39":{"start":{"line":75,"column":0},"end":{"line":75,"column":62}},"40":{"start":{"line":76,"column":0},"end":{"line":76,"column":39}},"41":{"start":{"line":78,"column":0},"end":{"line":78,"column":76}},"42":{"start":{"line":80,"column":0},"end":{"line":80,"column":30}},"43":{"start":{"line":81,"column":0},"end":{"line":81,"column":35}},"44":{"start":{"line":82,"column":0},"end":{"line":82,"column":37}},"45":{"start":{"line":83,"column":0},"end":{"line":83,"column":39}},"46":{"start":{"line":86,"column":0},"end":{"line":86,"column":36}},"47":{"start":{"line":87,"column":0},"end":{"line":87,"column":42}},"48":{"start":{"line":88,"column":0},"end":{"line":88,"column":44}},"49":{"start":{"line":89,"column":0},"end":{"line":89,"column":46}},"50":{"start":{"line":92,"column":0},"end":{"line":94,"column":3}},"51":{"start":{"line":93,"column":2},"end":{"line":93,"column":39}},"52":{"start":{"line":97,"column":0},"end":{"line":106,"column":3}},"53":{"start":{"line":99,"column":2},"end":{"line":99,"column":35}},"54":{"start":{"line":100,"column":2},"end":{"line":100,"column":69}},"55":{"start":{"line":103,"column":2},"end":{"line":103,"column":32}},"56":{"start":{"line":104,"column":2},"end":{"line":104,"column":26}},"57":{"start":{"line":105,"column":2},"end":{"line":105,"column":9}},"58":{"start":{"line":108,"column":0},"end":{"line":108,"column":22}}},"branchMap":{"1":{"line":63,"type":"cond-expr","locations":[{"start":{"line":63,"column":70},"end":{"line":63,"column":73}},{"start":{"line":63,"column":76},"end":{"line":63,"column":92}}]},"2":{"line":63,"type":"binary-expr","locations":[{"start":{"line":63,"column":46},"end":{"line":63,"column":49}},{"start":{"line":63,"column":53},"end":{"line":63,"column":67}}]},"3":{"line":100,"type":"cond-expr","locations":[{"start":{"line":100,"column":60},"end":{"line":100,"column":63}},{"start":{"line":100,"column":66},"end":{"line":100,"column":68}}]},"4":{"line":103,"type":"binary-expr","locations":[{"start":{"line":103,"column":13},"end":{"line":103,"column":23}},{"start":{"line":103,"column":27},"end":{"line":103,"column":30}}]}}},"/root/RJ/Andela/sendit/build/routes/index.js":{"path":"/root/RJ/Andela/sendit/build/routes/index.js","s":{"1":1,"2":1,"3":1,"4":1,"5":1,"6":1,"7":2,"8":1,"9":1,"10":1,"11":1,"12":0,"13":0,"14":1},"b":{"1":[0,2],"2":[2,2],"3":[0,0]},"f":{"1":2,"2":0},"fnMap":{"1":{"name":"_interopRequireDefault","line":15,"loc":{"start":{"line":15,"column":0},"end":{"line":15,"column":37}}},"2":{"name":"(anonymous_2)","line":27,"loc":{"start":{"line":27,"column":16},"end":{"line":27,"column":36}}}},"statementMap":{"1":{"start":{"line":3,"column":0},"end":{"line":5,"column":3}},"2":{"start":{"line":7,"column":0},"end":{"line":7,"column":34}},"3":{"start":{"line":9,"column":0},"end":{"line":9,"column":49}},"4":{"start":{"line":11,"column":0},"end":{"line":11,"column":49}},"5":{"start":{"line":13,"column":0},"end":{"line":13,"column":63}},"6":{"start":{"line":15,"column":0},"end":{"line":15,"column":95}},"7":{"start":{"line":15,"column":39},"end":{"line":15,"column":93}},"8":{"start":{"line":17,"column":0},"end":{"line":17,"column":17}},"9":{"start":{"line":18,"column":0},"end":{"line":18,"column":40}},"10":{"start":{"line":20,"column":0},"end":{"line":24,"column":4}},"11":{"start":{"line":27,"column":0},"end":{"line":35,"column":3}},"12":{"start":{"line":28,"column":2},"end":{"line":28,"column":20}},"13":{"start":{"line":30,"column":2},"end":{"line":34,"column":5}},"14":{"start":{"line":37,"column":0},"end":{"line":37,"column":25}}},"branchMap":{"1":{"line":15,"type":"cond-expr","locations":[{"start":{"line":15,"column":70},"end":{"line":15,"column":73}},{"start":{"line":15,"column":76},"end":{"line":15,"column":92}}]},"2":{"line":15,"type":"binary-expr","locations":[{"start":{"line":15,"column":46},"end":{"line":15,"column":49}},{"start":{"line":15,"column":53},"end":{"line":15,"column":67}}]},"3":{"line":33,"type":"cond-expr","locations":[{"start":{"line":33,"column":21},"end":{"line":33,"column":29}},{"start":{"line":33,"column":32},"end":{"line":33,"column":36}}]}}},"/root/RJ/Andela/sendit/build/routes/users.js":{"path":"/root/RJ/Andela/sendit/build/routes/users.js","s":{"1":1,"2":1,"3":1,"4":1,"5":1,"6":1,"7":1,"8":1,"9":1,"10":1,"11":1,"12":1,"13":5,"14":1,"15":1,"16":1,"17":1,"18":0,"19":0,"20":1,"21":0,"22":0,"23":1,"24":0,"25":0,"26":0,"27":0,"28":0,"29":0,"30":0,"31":0,"32":0,"33":0,"34":1,"35":0,"36":0,"37":0,"38":0,"39":0,"40":0,"41":0,"42":0,"43":0,"44":0,"45":0,"46":0,"47":1,"48":0,"49":0,"50":0,"51":0,"52":0,"53":0,"54":0,"55":1,"56":0,"57":0,"58":0,"59":0,"60":0,"61":0,"62":0,"63":0,"64":0,"65":0,"66":0,"67":0,"68":0,"69":0,"70":0,"71":1,"72":0,"73":0,"74":0,"75":0,"76":0,"77":0,"78":1,"79":0,"80":0,"81":0,"82":0,"83":0,"84":0,"85":0,"86":0,"87":0,"88":1,"89":0,"90":0,"91":0,"92":0,"93":0,"94":1,"95":0,"96":0,"97":0,"98":0,"99":0,"100":1,"101":0,"102":0,"103":0,"104":0,"105":0,"106":1,"107":0,"108":0,"109":0,"110":0,"111":0,"112":1,"113":0,"114":0,"115":0,"116":0,"117":0,"118":0,"119":1,"120":0,"121":0,"122":0,"123":0,"124":0,"125":0,"126":0,"127":0,"128":1},"b":{"1":[2,3],"2":[5,5],"3":[0,0],"4":[0,0],"5":[0,0],"6":[0,0],"7":[0,0],"8":[0,0],"9":[0,0],"10":[0,0],"11":[0,0],"12":[0,0],"13":[0,0],"14":[0,0],"15":[0,0],"16":[0,0],"17":[0,0],"18":[0,0],"19":[0,0],"20":[0,0],"21":[0,0],"22":[0,0],"23":[0,0],"24":[0,0],"25":[0,0],"26":[0,0],"27":[0,0],"28":[0,0],"29":[0,0],"30":[0,0],"31":[0,0],"32":[0,0],"33":[0,0],"34":[0,0],"35":[0,0],"36":[0,0],"37":[0,0],"38":[0,0],"39":[0,0],"40":[0,0],"41":[0,0],"42":[0,0]},"f":{"1":5,"2":0,"3":0,"4":0,"5":0,"6":0,"7":0,"8":0,"9":0,"10":0,"11":0,"12":0,"13":0,"14":0,"15":0,"16":0,"17":0,"18":0},"fnMap":{"1":{"name":"_interopRequireDefault","line":27,"loc":{"start":{"line":27,"column":0},"end":{"line":27,"column":37}}},"2":{"name":"(anonymous_2)","line":39,"loc":{"start":{"line":39,"column":16},"end":{"line":39,"column":36}}},"3":{"name":"(anonymous_3)","line":50,"loc":{"start":{"line":50,"column":23},"end":{"line":50,"column":43}}},"4":{"name":"(anonymous_4)","line":51,"loc":{"start":{"line":51,"column":22},"end":{"line":51,"column":34}}},"5":{"name":"(anonymous_5)","line":57,"loc":{"start":{"line":57,"column":22},"end":{"line":57,"column":42}}},"6":{"name":"(anonymous_6)","line":87,"loc":{"start":{"line":87,"column":22},"end":{"line":87,"column":42}}},"7":{"name":"(anonymous_7)","line":121,"loc":{"start":{"line":121,"column":19},"end":{"line":121,"column":39}}},"8":{"name":"(anonymous_8)","line":141,"loc":{"start":{"line":141,"column":29},"end":{"line":141,"column":49}}},"9":{"name":"(anonymous_9)","line":149,"loc":{"start":{"line":149,"column":37},"end":{"line":149,"column":52}}},"10":{"name":"(anonymous_10)","line":174,"loc":{"start":{"line":174,"column":27},"end":{"line":174,"column":47}}},"11":{"name":"(anonymous_11)","line":193,"loc":{"start":{"line":193,"column":34},"end":{"line":193,"column":54}}},"12":{"name":"(anonymous_12)","line":221,"loc":{"start":{"line":221,"column":35},"end":{"line":221,"column":55}}},"13":{"name":"(anonymous_13)","line":237,"loc":{"start":{"line":237,"column":38},"end":{"line":237,"column":58}}},"14":{"name":"(anonymous_14)","line":253,"loc":{"start":{"line":253,"column":37},"end":{"line":253,"column":57}}},"15":{"name":"(anonymous_15)","line":269,"loc":{"start":{"line":269,"column":32},"end":{"line":269,"column":52}}},"16":{"name":"(anonymous_16)","line":285,"loc":{"start":{"line":285,"column":39},"end":{"line":285,"column":59}}},"17":{"name":"(anonymous_17)","line":289,"loc":{"start":{"line":289,"column":37},"end":{"line":289,"column":52}}},"18":{"name":"(anonymous_18)","line":299,"loc":{"start":{"line":299,"column":39},"end":{"line":299,"column":59}}}},"statementMap":{"1":{"start":{"line":3,"column":0},"end":{"line":5,"column":3}},"2":{"start":{"line":7,"column":0},"end":{"line":7,"column":24}},"3":{"start":{"line":9,"column":0},"end":{"line":9,"column":39}},"4":{"start":{"line":11,"column":0},"end":{"line":11,"column":34}},"5":{"start":{"line":13,"column":0},"end":{"line":13,"column":49}},"6":{"start":{"line":15,"column":0},"end":{"line":15,"column":49}},"7":{"start":{"line":17,"column":0},"end":{"line":17,"column":63}},"8":{"start":{"line":19,"column":0},"end":{"line":19,"column":39}},"9":{"start":{"line":21,"column":0},"end":{"line":21,"column":43}},"10":{"start":{"line":23,"column":0},"end":{"line":23,"column":43}},"11":{"start":{"line":25,"column":0},"end":{"line":25,"column":47}},"12":{"start":{"line":27,"column":0},"end":{"line":27,"column":95}},"13":{"start":{"line":27,"column":39},"end":{"line":27,"column":93}},"14":{"start":{"line":29,"column":0},"end":{"line":29,"column":17}},"15":{"start":{"line":30,"column":0},"end":{"line":30,"column":40}},"16":{"start":{"line":32,"column":0},"end":{"line":36,"column":4}},"17":{"start":{"line":39,"column":0},"end":{"line":47,"column":3}},"18":{"start":{"line":40,"column":2},"end":{"line":40,"column":20}},"19":{"start":{"line":42,"column":2},"end":{"line":46,"column":5}},"20":{"start":{"line":50,"column":0},"end":{"line":54,"column":3}},"21":{"start":{"line":51,"column":2},"end":{"line":53,"column":5}},"22":{"start":{"line":52,"column":4},"end":{"line":52,"column":34}},"23":{"start":{"line":57,"column":0},"end":{"line":84,"column":3}},"24":{"start":{"line":58,"column":2},"end":{"line":58,"column":20}},"25":{"start":{"line":59,"column":2},"end":{"line":59,"column":30}},"26":{"start":{"line":60,"column":2},"end":{"line":60,"column":43}},"27":{"start":{"line":62,"column":2},"end":{"line":83,"column":3}},"28":{"start":{"line":63,"column":4},"end":{"line":63,"column":40}},"29":{"start":{"line":65,"column":4},"end":{"line":67,"column":5}},"30":{"start":{"line":66,"column":6},"end":{"line":66,"column":43}},"31":{"start":{"line":69,"column":4},"end":{"line":69,"column":33}},"32":{"start":{"line":71,"column":4},"end":{"line":76,"column":7}},"33":{"start":{"line":78,"column":4},"end":{"line":82,"column":7}},"34":{"start":{"line":87,"column":0},"end":{"line":118,"column":3}},"35":{"start":{"line":88,"column":2},"end":{"line":88,"column":20}},"36":{"start":{"line":90,"column":2},"end":{"line":117,"column":3}},"37":{"start":{"line":92,"column":4},"end":{"line":92,"column":82}},"38":{"start":{"line":94,"column":4},"end":{"line":94,"column":41}},"39":{"start":{"line":95,"column":4},"end":{"line":95,"column":45}},"40":{"start":{"line":96,"column":4},"end":{"line":96,"column":40}},"41":{"start":{"line":98,"column":4},"end":{"line":101,"column":5}},"42":{"start":{"line":99,"column":6},"end":{"line":99,"column":25}},"43":{"start":{"line":100,"column":6},"end":{"line":100,"column":44}},"44":{"start":{"line":103,"column":4},"end":{"line":103,"column":33}},"45":{"start":{"line":105,"column":4},"end":{"line":110,"column":7}},"46":{"start":{"line":112,"column":4},"end":{"line":116,"column":7}},"47":{"start":{"line":121,"column":0},"end":{"line":137,"column":3}},"48":{"start":{"line":122,"column":2},"end":{"line":122,"column":20}},"49":{"start":{"line":123,"column":2},"end":{"line":123,"column":30}},"50":{"start":{"line":124,"column":2},"end":{"line":124,"column":43}},"51":{"start":{"line":125,"column":2},"end":{"line":125,"column":45}},"52":{"start":{"line":127,"column":2},"end":{"line":129,"column":3}},"53":{"start":{"line":128,"column":4},"end":{"line":128,"column":24}},"54":{"start":{"line":131,"column":2},"end":{"line":136,"column":5}},"55":{"start":{"line":141,"column":0},"end":{"line":171,"column":3}},"56":{"start":{"line":142,"column":2},"end":{"line":142,"column":20}},"57":{"start":{"line":144,"column":2},"end":{"line":170,"column":3}},"58":{"start":{"line":145,"column":4},"end":{"line":145,"column":20}},"59":{"start":{"line":146,"column":4},"end":{"line":146,"column":22}},"60":{"start":{"line":147,"column":4},"end":{"line":147,"column":22}},"61":{"start":{"line":149,"column":4},"end":{"line":159,"column":7}},"62":{"start":{"line":150,"column":6},"end":{"line":152,"column":7}},"63":{"start":{"line":151,"column":8},"end":{"line":151,"column":21}},"64":{"start":{"line":153,"column":6},"end":{"line":155,"column":7}},"65":{"start":{"line":154,"column":8},"end":{"line":154,"column":23}},"66":{"start":{"line":156,"column":6},"end":{"line":158,"column":7}},"67":{"start":{"line":157,"column":8},"end":{"line":157,"column":23}},"68":{"start":{"line":161,"column":4},"end":{"line":165,"column":6}},"69":{"start":{"line":167,"column":4},"end":{"line":167,"column":22}},"70":{"start":{"line":169,"column":4},"end":{"line":169,"column":20}},"71":{"start":{"line":174,"column":0},"end":{"line":190,"column":3}},"72":{"start":{"line":175,"column":2},"end":{"line":175,"column":20}},"73":{"start":{"line":177,"column":2},"end":{"line":177,"column":83}},"74":{"start":{"line":179,"column":2},"end":{"line":179,"column":44}},"75":{"start":{"line":180,"column":2},"end":{"line":180,"column":49}},"76":{"start":{"line":181,"column":2},"end":{"line":181,"column":45}},"77":{"start":{"line":183,"column":2},"end":{"line":189,"column":5}},"78":{"start":{"line":193,"column":0},"end":{"line":218,"column":3}},"79":{"start":{"line":194,"column":2},"end":{"line":194,"column":20}},"80":{"start":{"line":195,"column":2},"end":{"line":195,"column":34}},"81":{"start":{"line":196,"column":2},"end":{"line":196,"column":49}},"82":{"start":{"line":198,"column":2},"end":{"line":217,"column":3}},"83":{"start":{"line":199,"column":4},"end":{"line":199,"column":62}},"84":{"start":{"line":201,"column":4},"end":{"line":203,"column":5}},"85":{"start":{"line":202,"column":6},"end":{"line":202,"column":81}},"86":{"start":{"line":205,"column":4},"end":{"line":210,"column":7}},"87":{"start":{"line":212,"column":4},"end":{"line":216,"column":7}},"88":{"start":{"line":221,"column":0},"end":{"line":234,"column":3}},"89":{"start":{"line":222,"column":2},"end":{"line":222,"column":20}},"90":{"start":{"line":223,"column":2},"end":{"line":223,"column":34}},"91":{"start":{"line":224,"column":2},"end":{"line":224,"column":49}},"92":{"start":{"line":225,"column":2},"end":{"line":225,"column":49}},"93":{"start":{"line":227,"column":2},"end":{"line":233,"column":5}},"94":{"start":{"line":237,"column":0},"end":{"line":250,"column":3}},"95":{"start":{"line":238,"column":2},"end":{"line":238,"column":20}},"96":{"start":{"line":239,"column":2},"end":{"line":239,"column":34}},"97":{"start":{"line":240,"column":2},"end":{"line":240,"column":49}},"98":{"start":{"line":241,"column":2},"end":{"line":241,"column":53}},"99":{"start":{"line":243,"column":2},"end":{"line":249,"column":5}},"100":{"start":{"line":253,"column":0},"end":{"line":266,"column":3}},"101":{"start":{"line":254,"column":2},"end":{"line":254,"column":20}},"102":{"start":{"line":255,"column":2},"end":{"line":255,"column":34}},"103":{"start":{"line":256,"column":2},"end":{"line":256,"column":49}},"104":{"start":{"line":257,"column":2},"end":{"line":257,"column":53}},"105":{"start":{"line":259,"column":2},"end":{"line":265,"column":5}},"106":{"start":{"line":269,"column":0},"end":{"line":282,"column":3}},"107":{"start":{"line":270,"column":2},"end":{"line":270,"column":20}},"108":{"start":{"line":271,"column":2},"end":{"line":271,"column":34}},"109":{"start":{"line":272,"column":2},"end":{"line":272,"column":49}},"110":{"start":{"line":273,"column":2},"end":{"line":273,"column":50}},"111":{"start":{"line":275,"column":2},"end":{"line":281,"column":5}},"112":{"start":{"line":285,"column":0},"end":{"line":296,"column":3}},"113":{"start":{"line":286,"column":2},"end":{"line":286,"column":20}},"114":{"start":{"line":288,"column":2},"end":{"line":295,"column":3}},"115":{"start":{"line":289,"column":4},"end":{"line":294,"column":7}},"116":{"start":{"line":290,"column":6},"end":{"line":293,"column":7}},"117":{"start":{"line":291,"column":8},"end":{"line":291,"column":32}},"118":{"start":{"line":292,"column":8},"end":{"line":292,"column":29}},"119":{"start":{"line":299,"column":0},"end":{"line":325,"column":3}},"120":{"start":{"line":300,"column":2},"end":{"line":300,"column":20}},"121":{"start":{"line":301,"column":2},"end":{"line":301,"column":34}},"122":{"start":{"line":302,"column":2},"end":{"line":302,"column":49}},"123":{"start":{"line":303,"column":2},"end":{"line":303,"column":50}},"124":{"start":{"line":305,"column":2},"end":{"line":324,"column":3}},"125":{"start":{"line":306,"column":4},"end":{"line":306,"column":76}},"126":{"start":{"line":308,"column":4},"end":{"line":315,"column":7}},"127":{"start":{"line":317,"column":4},"end":{"line":323,"column":7}},"128":{"start":{"line":327,"column":0},"end":{"line":327,"column":25}}},"branchMap":{"1":{"line":27,"type":"cond-expr","locations":[{"start":{"line":27,"column":70},"end":{"line":27,"column":73}},{"start":{"line":27,"column":76},"end":{"line":27,"column":92}}]},"2":{"line":27,"type":"binary-expr","locations":[{"start":{"line":27,"column":46},"end":{"line":27,"column":49}},{"start":{"line":27,"column":53},"end":{"line":27,"column":67}}]},"3":{"line":45,"type":"binary-expr","locations":[{"start":{"line":45,"column":10},"end":{"line":45,"column":18}},{"start":{"line":45,"column":22},"end":{"line":45,"column":27}}]},"4":{"line":59,"type":"binary-expr","locations":[{"start":{"line":59,"column":14},"end":{"line":59,"column":23}},{"start":{"line":59,"column":27},"end":{"line":59,"column":29}}]},"5":{"line":62,"type":"if","locations":[{"start":{"line":62,"column":2},"end":{"line":62,"column":2}},{"start":{"line":62,"column":2},"end":{"line":62,"column":2}}]},"6":{"line":65,"type":"if","locations":[{"start":{"line":65,"column":4},"end":{"line":65,"column":4}},{"start":{"line":65,"column":4},"end":{"line":65,"column":4}}]},"7":{"line":69,"type":"binary-expr","locations":[{"start":{"line":69,"column":15},"end":{"line":69,"column":23}},{"start":{"line":69,"column":27},"end":{"line":69,"column":32}}]},"8":{"line":81,"type":"binary-expr","locations":[{"start":{"line":81,"column":12},"end":{"line":81,"column":20}},{"start":{"line":81,"column":24},"end":{"line":81,"column":29}}]},"9":{"line":90,"type":"if","locations":[{"start":{"line":90,"column":2},"end":{"line":90,"column":2}},{"start":{"line":90,"column":2},"end":{"line":90,"column":2}}]},"10":{"line":94,"type":"binary-expr","locations":[{"start":{"line":94,"column":16},"end":{"line":94,"column":25}},{"start":{"line":94,"column":29},"end":{"line":94,"column":40}}]},"11":{"line":98,"type":"if","locations":[{"start":{"line":98,"column":4},"end":{"line":98,"column":4}},{"start":{"line":98,"column":4},"end":{"line":98,"column":4}}]},"12":{"line":103,"type":"binary-expr","locations":[{"start":{"line":103,"column":15},"end":{"line":103,"column":23}},{"start":{"line":103,"column":27},"end":{"line":103,"column":32}}]},"13":{"line":115,"type":"binary-expr","locations":[{"start":{"line":115,"column":12},"end":{"line":115,"column":20}},{"start":{"line":115,"column":24},"end":{"line":115,"column":29}}]},"14":{"line":123,"type":"binary-expr","locations":[{"start":{"line":123,"column":14},"end":{"line":123,"column":23}},{"start":{"line":123,"column":27},"end":{"line":123,"column":29}}]},"15":{"line":127,"type":"if","locations":[{"start":{"line":127,"column":2},"end":{"line":127,"column":2}},{"start":{"line":127,"column":2},"end":{"line":127,"column":2}}]},"16":{"line":134,"type":"binary-expr","locations":[{"start":{"line":134,"column":10},"end":{"line":134,"column":18}},{"start":{"line":134,"column":22},"end":{"line":134,"column":27}}]},"17":{"line":144,"type":"if","locations":[{"start":{"line":144,"column":2},"end":{"line":144,"column":2}},{"start":{"line":144,"column":2},"end":{"line":144,"column":2}}]},"18":{"line":150,"type":"if","locations":[{"start":{"line":150,"column":6},"end":{"line":150,"column":6}},{"start":{"line":150,"column":6},"end":{"line":150,"column":6}}]},"19":{"line":153,"type":"if","locations":[{"start":{"line":153,"column":6},"end":{"line":153,"column":6}},{"start":{"line":153,"column":6},"end":{"line":153,"column":6}}]},"20":{"line":156,"type":"if","locations":[{"start":{"line":156,"column":6},"end":{"line":156,"column":6}},{"start":{"line":156,"column":6},"end":{"line":156,"column":6}}]},"21":{"line":179,"type":"binary-expr","locations":[{"start":{"line":179,"column":16},"end":{"line":179,"column":27}},{"start":{"line":179,"column":31},"end":{"line":179,"column":43}}]},"22":{"line":186,"type":"binary-expr","locations":[{"start":{"line":186,"column":10},"end":{"line":186,"column":18}},{"start":{"line":186,"column":22},"end":{"line":186,"column":27}}]},"23":{"line":195,"type":"binary-expr","locations":[{"start":{"line":195,"column":16},"end":{"line":195,"column":27}},{"start":{"line":195,"column":31},"end":{"line":195,"column":33}}]},"24":{"line":198,"type":"if","locations":[{"start":{"line":198,"column":2},"end":{"line":198,"column":2}},{"start":{"line":198,"column":2},"end":{"line":198,"column":2}}]},"25":{"line":201,"type":"if","locations":[{"start":{"line":201,"column":4},"end":{"line":201,"column":4}},{"start":{"line":201,"column":4},"end":{"line":201,"column":4}}]},"26":{"line":208,"type":"binary-expr","locations":[{"start":{"line":208,"column":12},"end":{"line":208,"column":20}},{"start":{"line":208,"column":24},"end":{"line":208,"column":29}}]},"27":{"line":215,"type":"binary-expr","locations":[{"start":{"line":215,"column":12},"end":{"line":215,"column":20}},{"start":{"line":215,"column":24},"end":{"line":215,"column":29}}]},"28":{"line":223,"type":"binary-expr","locations":[{"start":{"line":223,"column":16},"end":{"line":223,"column":27}},{"start":{"line":223,"column":31},"end":{"line":223,"column":33}}]},"29":{"line":230,"type":"binary-expr","locations":[{"start":{"line":230,"column":10},"end":{"line":230,"column":18}},{"start":{"line":230,"column":22},"end":{"line":230,"column":27}}]},"30":{"line":239,"type":"binary-expr","locations":[{"start":{"line":239,"column":16},"end":{"line":239,"column":27}},{"start":{"line":239,"column":31},"end":{"line":239,"column":33}}]},"31":{"line":246,"type":"binary-expr","locations":[{"start":{"line":246,"column":10},"end":{"line":246,"column":18}},{"start":{"line":246,"column":22},"end":{"line":246,"column":27}}]},"32":{"line":255,"type":"binary-expr","locations":[{"start":{"line":255,"column":16},"end":{"line":255,"column":27}},{"start":{"line":255,"column":31},"end":{"line":255,"column":33}}]},"33":{"line":262,"type":"binary-expr","locations":[{"start":{"line":262,"column":10},"end":{"line":262,"column":18}},{"start":{"line":262,"column":22},"end":{"line":262,"column":27}}]},"34":{"line":271,"type":"binary-expr","locations":[{"start":{"line":271,"column":16},"end":{"line":271,"column":27}},{"start":{"line":271,"column":31},"end":{"line":271,"column":33}}]},"35":{"line":278,"type":"binary-expr","locations":[{"start":{"line":278,"column":10},"end":{"line":278,"column":18}},{"start":{"line":278,"column":22},"end":{"line":278,"column":27}}]},"36":{"line":288,"type":"if","locations":[{"start":{"line":288,"column":2},"end":{"line":288,"column":2}},{"start":{"line":288,"column":2},"end":{"line":288,"column":2}}]},"37":{"line":288,"type":"binary-expr","locations":[{"start":{"line":288,"column":6},"end":{"line":288,"column":17}},{"start":{"line":288,"column":21},"end":{"line":288,"column":34}}]},"38":{"line":290,"type":"if","locations":[{"start":{"line":290,"column":6},"end":{"line":290,"column":6}},{"start":{"line":290,"column":6},"end":{"line":290,"column":6}}]},"39":{"line":301,"type":"binary-expr","locations":[{"start":{"line":301,"column":16},"end":{"line":301,"column":27}},{"start":{"line":301,"column":31},"end":{"line":301,"column":33}}]},"40":{"line":305,"type":"if","locations":[{"start":{"line":305,"column":2},"end":{"line":305,"column":2}},{"start":{"line":305,"column":2},"end":{"line":305,"column":2}}]},"41":{"line":311,"type":"binary-expr","locations":[{"start":{"line":311,"column":12},"end":{"line":311,"column":20}},{"start":{"line":311,"column":24},"end":{"line":311,"column":29}}]},"42":{"line":320,"type":"binary-expr","locations":[{"start":{"line":320,"column":12},"end":{"line":320,"column":20}},{"start":{"line":320,"column":24},"end":{"line":320,"column":29}}]}}},"/root/RJ/Andela/sendit/build/private/User.js":{"path":"/root/RJ/Andela/sendit/build/private/User.js","s":{"1":1,"2":1,"3":1,"4":1,"5":3,"6":3,"7":3,"8":3,"9":3,"10":3,"11":1,"12":1,"13":1,"14":1,"15":0,"16":1,"17":1,"18":15,"19":0,"20":1,"21":1,"22":15,"23":15,"24":15,"25":15,"26":1,"27":5,"28":5,"29":1,"30":1,"31":4,"32":12,"33":2,"34":4,"35":2,"36":2,"37":2,"38":4,"39":0,"40":0,"41":4,"42":2,"43":2,"44":2,"45":2,"46":2,"47":2,"48":6,"49":6,"50":0,"51":0,"52":6,"53":4,"54":12,"55":2,"56":4,"57":2,"58":2,"59":2,"60":2,"61":2,"62":1,"63":1},"b":{"1":[3,3],"2":[3,0],"3":[1,0],"4":[0,1],"5":[0,15],"6":[15,0],"7":[1,4],"8":[2,10],"9":[2,2],"10":[0,4],"11":[2,2],"12":[4,4,2,2,2,2],"13":[0,6],"14":[4,2],"15":[6,6,4],"16":[2,10],"17":[12,4],"18":[2,2]},"f":{"1":1,"2":1,"3":1,"4":15,"5":1,"6":15,"7":5,"8":12,"9":4,"10":6,"11":12},"fnMap":{"1":{"name":"(anonymous_1)","line":7,"loc":{"start":{"line":7,"column":19},"end":{"line":7,"column":31}}},"2":{"name":"defineProperties","line":7,"loc":{"start":{"line":7,"column":33},"end":{"line":7,"column":74}}},"3":{"name":"(anonymous_3)","line":7,"loc":{"start":{"line":7,"column":357},"end":{"line":7,"column":405}}},"4":{"name":"_classCallCheck","line":9,"loc":{"start":{"line":9,"column":0},"end":{"line":9,"column":48}}},"5":{"name":"(anonymous_5)","line":11,"loc":{"start":{"line":11,"column":11},"end":{"line":11,"column":23}}},"6":{"name":"User","line":12,"loc":{"start":{"line":12,"column":2},"end":{"line":12,"column":23}}},"7":{"name":"getInfo","line":22,"loc":{"start":{"line":22,"column":11},"end":{"line":22,"column":32}}},"8":{"name":"(anonymous_8)","line":30,"loc":{"start":{"line":30,"column":38},"end":{"line":30,"column":53}}},"9":{"name":"signup","line":46,"loc":{"start":{"line":46,"column":11},"end":{"line":46,"column":33}}},"10":{"name":"signin","line":79,"loc":{"start":{"line":79,"column":11},"end":{"line":79,"column":33}}},"11":{"name":"(anonymous_11)","line":88,"loc":{"start":{"line":88,"column":40},"end":{"line":88,"column":55}}}},"statementMap":{"1":{"start":{"line":3,"column":0},"end":{"line":5,"column":3}},"2":{"start":{"line":7,"column":0},"end":{"line":7,"column":564}},"3":{"start":{"line":7,"column":33},"end":{"line":7,"column":349}},"4":{"start":{"line":7,"column":76},"end":{"line":7,"column":347}},"5":{"start":{"line":7,"column":117},"end":{"line":7,"column":143}},"6":{"start":{"line":7,"column":144},"end":{"line":7,"column":199}},"7":{"start":{"line":7,"column":200},"end":{"line":7,"column":231}},"8":{"start":{"line":7,"column":232},"end":{"line":7,"column":286}},"9":{"start":{"line":7,"column":259},"end":{"line":7,"column":286}},"10":{"start":{"line":7,"column":287},"end":{"line":7,"column":345}},"11":{"start":{"line":7,"column":350},"end":{"line":7,"column":559}},"12":{"start":{"line":7,"column":407},"end":{"line":7,"column":475}},"13":{"start":{"line":7,"column":423},"end":{"line":7,"column":475}},"14":{"start":{"line":7,"column":476},"end":{"line":7,"column":536}},"15":{"start":{"line":7,"column":493},"end":{"line":7,"column":536}},"16":{"start":{"line":7,"column":537},"end":{"line":7,"column":556}},"17":{"start":{"line":9,"column":0},"end":{"line":9,"column":153}},"18":{"start":{"line":9,"column":50},"end":{"line":9,"column":151}},"19":{"start":{"line":9,"column":92},"end":{"line":9,"column":149}},"20":{"start":{"line":11,"column":0},"end":{"line":109,"column":4}},"21":{"start":{"line":12,"column":2},"end":{"line":18,"column":3}},"22":{"start":{"line":13,"column":4},"end":{"line":13,"column":32}},"23":{"start":{"line":15,"column":4},"end":{"line":15,"column":19}},"24":{"start":{"line":16,"column":4},"end":{"line":16,"column":29}},"25":{"start":{"line":17,"column":4},"end":{"line":17,"column":20}},"26":{"start":{"line":20,"column":2},"end":{"line":106,"column":6}},"27":{"start":{"line":23,"column":6},"end":{"line":23,"column":23}},"28":{"start":{"line":25,"column":6},"end":{"line":28,"column":7}},"29":{"start":{"line":26,"column":8},"end":{"line":26,"column":59}},"30":{"start":{"line":27,"column":8},"end":{"line":27,"column":18}},"31":{"start":{"line":30,"column":6},"end":{"line":34,"column":9}},"32":{"start":{"line":31,"column":8},"end":{"line":33,"column":9}},"33":{"start":{"line":32,"column":10},"end":{"line":32,"column":40}},"34":{"start":{"line":36,"column":6},"end":{"line":38,"column":7}},"35":{"start":{"line":37,"column":8},"end":{"line":37,"column":25}},"36":{"start":{"line":40,"column":6},"end":{"line":40,"column":80}},"37":{"start":{"line":41,"column":6},"end":{"line":41,"column":16}},"38":{"start":{"line":47,"column":6},"end":{"line":50,"column":7}},"39":{"start":{"line":48,"column":8},"end":{"line":48,"column":74}},"40":{"start":{"line":49,"column":8},"end":{"line":49,"column":18}},"41":{"start":{"line":52,"column":6},"end":{"line":71,"column":7}},"42":{"start":{"line":53,"column":8},"end":{"line":53,"column":55}},"43":{"start":{"line":55,"column":8},"end":{"line":66,"column":10}},"44":{"start":{"line":68,"column":8},"end":{"line":68,"column":44}},"45":{"start":{"line":70,"column":8},"end":{"line":70,"column":25}},"46":{"start":{"line":73,"column":6},"end":{"line":73,"column":72}},"47":{"start":{"line":74,"column":6},"end":{"line":74,"column":16}},"48":{"start":{"line":80,"column":6},"end":{"line":80,"column":24}},"49":{"start":{"line":82,"column":6},"end":{"line":85,"column":7}},"50":{"start":{"line":83,"column":8},"end":{"line":83,"column":70}},"51":{"start":{"line":84,"column":8},"end":{"line":84,"column":18}},"52":{"start":{"line":87,"column":6},"end":{"line":100,"column":7}},"53":{"start":{"line":88,"column":8},"end":{"line":92,"column":11}},"54":{"start":{"line":89,"column":10},"end":{"line":91,"column":11}},"55":{"start":{"line":90,"column":12},"end":{"line":90,"column":44}},"56":{"start":{"line":94,"column":8},"end":{"line":96,"column":9}},"57":{"start":{"line":95,"column":10},"end":{"line":95,"column":27}},"58":{"start":{"line":98,"column":8},"end":{"line":98,"column":69}},"59":{"start":{"line":99,"column":8},"end":{"line":99,"column":18}},"60":{"start":{"line":102,"column":6},"end":{"line":102,"column":68}},"61":{"start":{"line":103,"column":6},"end":{"line":103,"column":16}},"62":{"start":{"line":108,"column":2},"end":{"line":108,"column":14}},"63":{"start":{"line":112,"column":0},"end":{"line":112,"column":23}}},"branchMap":{"1":{"line":7,"type":"binary-expr","locations":[{"start":{"line":7,"column":168},"end":{"line":7,"column":189}},{"start":{"line":7,"column":193},"end":{"line":7,"column":198}}]},"2":{"line":7,"type":"if","locations":[{"start":{"line":7,"column":232},"end":{"line":7,"column":232}},{"start":{"line":7,"column":232},"end":{"line":7,"column":232}}]},"3":{"line":7,"type":"if","locations":[{"start":{"line":7,"column":407},"end":{"line":7,"column":407}},{"start":{"line":7,"column":407},"end":{"line":7,"column":407}}]},"4":{"line":7,"type":"if","locations":[{"start":{"line":7,"column":476},"end":{"line":7,"column":476}},{"start":{"line":7,"column":476},"end":{"line":7,"column":476}}]},"5":{"line":9,"type":"if","locations":[{"start":{"line":9,"column":50},"end":{"line":9,"column":50}},{"start":{"line":9,"column":50},"end":{"line":9,"column":50}}]},"6":{"line":16,"type":"binary-expr","locations":[{"start":{"line":16,"column":17},"end":{"line":16,"column":22}},{"start":{"line":16,"column":26},"end":{"line":16,"column":28}}]},"7":{"line":25,"type":"if","locations":[{"start":{"line":25,"column":6},"end":{"line":25,"column":6}},{"start":{"line":25,"column":6},"end":{"line":25,"column":6}}]},"8":{"line":31,"type":"if","locations":[{"start":{"line":31,"column":8},"end":{"line":31,"column":8}},{"start":{"line":31,"column":8},"end":{"line":31,"column":8}}]},"9":{"line":36,"type":"if","locations":[{"start":{"line":36,"column":6},"end":{"line":36,"column":6}},{"start":{"line":36,"column":6},"end":{"line":36,"column":6}}]},"10":{"line":47,"type":"if","locations":[{"start":{"line":47,"column":6},"end":{"line":47,"column":6}},{"start":{"line":47,"column":6},"end":{"line":47,"column":6}}]},"11":{"line":52,"type":"if","locations":[{"start":{"line":52,"column":6},"end":{"line":52,"column":6}},{"start":{"line":52,"column":6},"end":{"line":52,"column":6}}]},"12":{"line":52,"type":"binary-expr","locations":[{"start":{"line":52,"column":10},"end":{"line":52,"column":20}},{"start":{"line":52,"column":24},"end":{"line":52,"column":34}},{"start":{"line":52,"column":38},"end":{"line":52,"column":48}},{"start":{"line":52,"column":52},"end":{"line":52,"column":65}},{"start":{"line":52,"column":69},"end":{"line":52,"column":79}},{"start":{"line":52,"column":83},"end":{"line":52,"column":95}}]},"13":{"line":82,"type":"if","locations":[{"start":{"line":82,"column":6},"end":{"line":82,"column":6}},{"start":{"line":82,"column":6},"end":{"line":82,"column":6}}]},"14":{"line":87,"type":"if","locations":[{"start":{"line":87,"column":6},"end":{"line":87,"column":6}},{"start":{"line":87,"column":6},"end":{"line":87,"column":6}}]},"15":{"line":87,"type":"binary-expr","locations":[{"start":{"line":87,"column":10},"end":{"line":87,"column":40}},{"start":{"line":87,"column":44},"end":{"line":87,"column":61}},{"start":{"line":87,"column":65},"end":{"line":87,"column":85}}]},"16":{"line":89,"type":"if","locations":[{"start":{"line":89,"column":10},"end":{"line":89,"column":10}},{"start":{"line":89,"column":10},"end":{"line":89,"column":10}}]},"17":{"line":89,"type":"binary-expr","locations":[{"start":{"line":89,"column":14},"end":{"line":89,"column":52}},{"start":{"line":89,"column":56},"end":{"line":89,"column":100}}]},"18":{"line":94,"type":"if","locations":[{"start":{"line":94,"column":8},"end":{"line":94,"column":8}},{"start":{"line":94,"column":8},"end":{"line":94,"column":8}}]}}},"/root/RJ/Andela/sendit/build/private/Parcel.js":{"path":"/root/RJ/Andela/sendit/build/private/Parcel.js","s":{"1":1,"2":1,"3":1,"4":1,"5":8,"6":8,"7":8,"8":8,"9":8,"10":8,"11":1,"12":1,"13":1,"14":1,"15":0,"16":1,"17":1,"18":43,"19":0,"20":1,"21":1,"22":43,"23":43,"24":43,"25":43,"26":43,"27":43,"28":43,"29":43,"30":1,"31":7,"32":7,"33":1,"34":1,"35":6,"36":36,"37":5,"38":6,"39":5,"40":1,"41":1,"42":6,"43":6,"44":3,"45":12,"46":8,"47":3,"48":2,"49":1,"50":1,"51":3,"52":2,"53":1,"54":1,"55":6,"56":6,"57":3,"58":12,"59":4,"60":3,"61":2,"62":1,"63":1,"64":3,"65":12,"66":4,"67":3,"68":2,"69":1,"70":1,"71":6,"72":6,"73":3,"74":12,"75":2,"76":3,"77":2,"78":1,"79":1,"80":3,"81":12,"82":4,"83":3,"84":2,"85":1,"86":1,"87":6,"88":6,"89":3,"90":12,"91":2,"92":3,"93":2,"94":1,"95":1,"96":3,"97":12,"98":4,"99":3,"100":2,"101":1,"102":1,"103":6,"104":6,"105":3,"106":18,"107":1,"108":1,"109":1,"110":1,"111":1,"112":0,"113":1,"114":3,"115":2,"116":1,"117":1,"118":3,"119":18,"120":2,"121":2,"122":2,"123":2,"124":2,"125":2,"126":2,"127":0,"128":2,"129":3,"130":2,"131":1,"132":1,"133":4,"134":3,"135":2,"136":2,"137":2,"138":2,"139":2,"140":0,"141":0,"142":1,"143":1,"144":1,"145":1,"146":4,"147":4,"148":3,"149":2,"150":13,"151":1,"152":1,"153":2,"154":1,"155":1,"156":1,"157":1,"158":1,"159":1,"160":1,"161":1,"162":1},"b":{"1":[8,8],"2":[8,0],"3":[1,0],"4":[0,1],"5":[0,43],"6":[43,8],"7":[1,6],"8":[5,31],"9":[5,1],"10":[3,3],"11":[8,4],"12":[2,1],"13":[2,1],"14":[3,3],"15":[4,8],"16":[12,4],"17":[2,1],"18":[4,8],"19":[2,1],"20":[3,3],"21":[2,10],"22":[12,4],"23":[2,1],"24":[4,8],"25":[2,1],"26":[3,3],"27":[2,10],"28":[12,4],"29":[2,1],"30":[4,8],"31":[2,1],"32":[3,3],"33":[1,17],"34":[18,2],"35":[1,0],"36":[1,0],"37":[0,1],"38":[2,1],"39":[2,16],"40":[2,0],"41":[2,0],"42":[2,0],"43":[0,2],"44":[2,1],"45":[3,1],"46":[2,1],"47":[3,2,2,2,2],"48":[2,0],"49":[1,1],"50":[3,1],"51":[2,1],"52":[1,12],"53":[13,2],"54":[1,1]},"f":{"1":1,"2":1,"3":1,"4":43,"5":1,"6":43,"7":7,"8":36,"9":6,"10":12,"11":6,"12":12,"13":12,"14":6,"15":12,"16":12,"17":6,"18":12,"19":12,"20":6,"21":18,"22":18,"23":4,"24":4,"25":13},"fnMap":{"1":{"name":"(anonymous_1)","line":7,"loc":{"start":{"line":7,"column":19},"end":{"line":7,"column":31}}},"2":{"name":"defineProperties","line":7,"loc":{"start":{"line":7,"column":33},"end":{"line":7,"column":74}}},"3":{"name":"(anonymous_3)","line":7,"loc":{"start":{"line":7,"column":357},"end":{"line":7,"column":405}}},"4":{"name":"_classCallCheck","line":9,"loc":{"start":{"line":9,"column":0},"end":{"line":9,"column":48}}},"5":{"name":"(anonymous_5)","line":11,"loc":{"start":{"line":11,"column":13},"end":{"line":11,"column":25}}},"6":{"name":"Parcel","line":12,"loc":{"start":{"line":12,"column":2},"end":{"line":12,"column":27}}},"7":{"name":"getDetails","line":26,"loc":{"start":{"line":26,"column":11},"end":{"line":26,"column":36}}},"8":{"name":"(anonymous_8)","line":34,"loc":{"start":{"line":34,"column":40},"end":{"line":34,"column":55}}},"9":{"name":"getAll","line":50,"loc":{"start":{"line":50,"column":11},"end":{"line":50,"column":35}}},"10":{"name":"(anonymous_10)","line":54,"loc":{"start":{"line":54,"column":42},"end":{"line":54,"column":57}}},"11":{"name":"getPending","line":78,"loc":{"start":{"line":78,"column":11},"end":{"line":78,"column":39}}},"12":{"name":"(anonymous_12)","line":82,"loc":{"start":{"line":82,"column":42},"end":{"line":82,"column":57}}},"13":{"name":"(anonymous_13)","line":95,"loc":{"start":{"line":95,"column":40},"end":{"line":95,"column":55}}},"14":{"name":"getInTransit","line":111,"loc":{"start":{"line":111,"column":11},"end":{"line":111,"column":41}}},"15":{"name":"(anonymous_15)","line":115,"loc":{"start":{"line":115,"column":42},"end":{"line":115,"column":57}}},"16":{"name":"(anonymous_16)","line":128,"loc":{"start":{"line":128,"column":40},"end":{"line":128,"column":55}}},"17":{"name":"getDelivered","line":144,"loc":{"start":{"line":144,"column":11},"end":{"line":144,"column":41}}},"18":{"name":"(anonymous_18)","line":148,"loc":{"start":{"line":148,"column":42},"end":{"line":148,"column":57}}},"19":{"name":"(anonymous_19)","line":161,"loc":{"start":{"line":161,"column":40},"end":{"line":161,"column":55}}},"20":{"name":"changeOrder","line":177,"loc":{"start":{"line":177,"column":11},"end":{"line":177,"column":51}}},"21":{"name":"(anonymous_21)","line":181,"loc":{"start":{"line":181,"column":42},"end":{"line":181,"column":57}}},"22":{"name":"(anonymous_22)","line":204,"loc":{"start":{"line":204,"column":40},"end":{"line":204,"column":55}}},"23":{"name":"createOrder","line":233,"loc":{"start":{"line":233,"column":11},"end":{"line":233,"column":44}}},"24":{"name":"cancelOrder","line":284,"loc":{"start":{"line":284,"column":11},"end":{"line":284,"column":45}}},"25":{"name":"(anonymous_25)","line":289,"loc":{"start":{"line":289,"column":44},"end":{"line":289,"column":59}}}},"statementMap":{"1":{"start":{"line":3,"column":0},"end":{"line":5,"column":3}},"2":{"start":{"line":7,"column":0},"end":{"line":7,"column":564}},"3":{"start":{"line":7,"column":33},"end":{"line":7,"column":349}},"4":{"start":{"line":7,"column":76},"end":{"line":7,"column":347}},"5":{"start":{"line":7,"column":117},"end":{"line":7,"column":143}},"6":{"start":{"line":7,"column":144},"end":{"line":7,"column":199}},"7":{"start":{"line":7,"column":200},"end":{"line":7,"column":231}},"8":{"start":{"line":7,"column":232},"end":{"line":7,"column":286}},"9":{"start":{"line":7,"column":259},"end":{"line":7,"column":286}},"10":{"start":{"line":7,"column":287},"end":{"line":7,"column":345}},"11":{"start":{"line":7,"column":350},"end":{"line":7,"column":559}},"12":{"start":{"line":7,"column":407},"end":{"line":7,"column":475}},"13":{"start":{"line":7,"column":423},"end":{"line":7,"column":475}},"14":{"start":{"line":7,"column":476},"end":{"line":7,"column":536}},"15":{"start":{"line":7,"column":493},"end":{"line":7,"column":536}},"16":{"start":{"line":7,"column":537},"end":{"line":7,"column":556}},"17":{"start":{"line":9,"column":0},"end":{"line":9,"column":153}},"18":{"start":{"line":9,"column":50},"end":{"line":9,"column":151}},"19":{"start":{"line":9,"column":92},"end":{"line":9,"column":149}},"20":{"start":{"line":11,"column":0},"end":{"line":314,"column":4}},"21":{"start":{"line":12,"column":2},"end":{"line":22,"column":3}},"22":{"start":{"line":13,"column":4},"end":{"line":13,"column":34}},"23":{"start":{"line":15,"column":4},"end":{"line":15,"column":21}},"24":{"start":{"line":16,"column":4},"end":{"line":16,"column":33}},"25":{"start":{"line":17,"column":4},"end":{"line":17,"column":26}},"26":{"start":{"line":18,"column":4},"end":{"line":18,"column":32}},"27":{"start":{"line":19,"column":4},"end":{"line":19,"column":31}},"28":{"start":{"line":20,"column":4},"end":{"line":20,"column":31}},"29":{"start":{"line":21,"column":4},"end":{"line":21,"column":20}},"30":{"start":{"line":24,"column":2},"end":{"line":311,"column":6}},"31":{"start":{"line":27,"column":6},"end":{"line":27,"column":23}},"32":{"start":{"line":29,"column":6},"end":{"line":32,"column":7}},"33":{"start":{"line":30,"column":8},"end":{"line":30,"column":76}},"34":{"start":{"line":31,"column":8},"end":{"line":31,"column":18}},"35":{"start":{"line":34,"column":6},"end":{"line":38,"column":9}},"36":{"start":{"line":35,"column":8},"end":{"line":37,"column":9}},"37":{"start":{"line":36,"column":10},"end":{"line":36,"column":44}},"38":{"start":{"line":40,"column":6},"end":{"line":42,"column":7}},"39":{"start":{"line":41,"column":8},"end":{"line":41,"column":27}},"40":{"start":{"line":44,"column":6},"end":{"line":44,"column":84}},"41":{"start":{"line":45,"column":6},"end":{"line":45,"column":16}},"42":{"start":{"line":51,"column":6},"end":{"line":51,"column":24}},"43":{"start":{"line":53,"column":6},"end":{"line":66,"column":7}},"44":{"start":{"line":54,"column":8},"end":{"line":58,"column":11}},"45":{"start":{"line":55,"column":10},"end":{"line":57,"column":11}},"46":{"start":{"line":56,"column":12},"end":{"line":56,"column":58}},"47":{"start":{"line":60,"column":8},"end":{"line":62,"column":9}},"48":{"start":{"line":61,"column":10},"end":{"line":61,"column":34}},"49":{"start":{"line":64,"column":8},"end":{"line":64,"column":72}},"50":{"start":{"line":65,"column":8},"end":{"line":65,"column":18}},"51":{"start":{"line":68,"column":6},"end":{"line":70,"column":7}},"52":{"start":{"line":69,"column":8},"end":{"line":69,"column":28}},"53":{"start":{"line":72,"column":6},"end":{"line":72,"column":64}},"54":{"start":{"line":73,"column":6},"end":{"line":73,"column":16}},"55":{"start":{"line":79,"column":6},"end":{"line":79,"column":24}},"56":{"start":{"line":81,"column":6},"end":{"line":94,"column":7}},"57":{"start":{"line":82,"column":8},"end":{"line":86,"column":11}},"58":{"start":{"line":83,"column":10},"end":{"line":85,"column":11}},"59":{"start":{"line":84,"column":12},"end":{"line":84,"column":64}},"60":{"start":{"line":88,"column":8},"end":{"line":90,"column":9}},"61":{"start":{"line":89,"column":10},"end":{"line":89,"column":40}},"62":{"start":{"line":92,"column":8},"end":{"line":92,"column":77}},"63":{"start":{"line":93,"column":8},"end":{"line":93,"column":18}},"64":{"start":{"line":95,"column":6},"end":{"line":99,"column":9}},"65":{"start":{"line":96,"column":8},"end":{"line":98,"column":9}},"66":{"start":{"line":97,"column":10},"end":{"line":97,"column":62}},"67":{"start":{"line":101,"column":6},"end":{"line":103,"column":7}},"68":{"start":{"line":102,"column":8},"end":{"line":102,"column":38}},"69":{"start":{"line":105,"column":6},"end":{"line":105,"column":72}},"70":{"start":{"line":106,"column":6},"end":{"line":106,"column":16}},"71":{"start":{"line":112,"column":6},"end":{"line":112,"column":24}},"72":{"start":{"line":114,"column":6},"end":{"line":127,"column":7}},"73":{"start":{"line":115,"column":8},"end":{"line":119,"column":11}},"74":{"start":{"line":116,"column":10},"end":{"line":118,"column":11}},"75":{"start":{"line":117,"column":12},"end":{"line":117,"column":63}},"76":{"start":{"line":121,"column":8},"end":{"line":123,"column":9}},"77":{"start":{"line":122,"column":10},"end":{"line":122,"column":39}},"78":{"start":{"line":125,"column":8},"end":{"line":125,"column":65}},"79":{"start":{"line":126,"column":8},"end":{"line":126,"column":18}},"80":{"start":{"line":128,"column":6},"end":{"line":132,"column":9}},"81":{"start":{"line":129,"column":8},"end":{"line":131,"column":9}},"82":{"start":{"line":130,"column":10},"end":{"line":130,"column":61}},"83":{"start":{"line":134,"column":6},"end":{"line":136,"column":7}},"84":{"start":{"line":135,"column":8},"end":{"line":135,"column":37}},"85":{"start":{"line":138,"column":6},"end":{"line":138,"column":60}},"86":{"start":{"line":139,"column":6},"end":{"line":139,"column":16}},"87":{"start":{"line":145,"column":6},"end":{"line":145,"column":24}},"88":{"start":{"line":147,"column":6},"end":{"line":160,"column":7}},"89":{"start":{"line":148,"column":8},"end":{"line":152,"column":11}},"90":{"start":{"line":149,"column":10},"end":{"line":151,"column":11}},"91":{"start":{"line":150,"column":12},"end":{"line":150,"column":63}},"92":{"start":{"line":154,"column":8},"end":{"line":156,"column":9}},"93":{"start":{"line":155,"column":10},"end":{"line":155,"column":39}},"94":{"start":{"line":158,"column":8},"end":{"line":158,"column":64}},"95":{"start":{"line":159,"column":8},"end":{"line":159,"column":18}},"96":{"start":{"line":161,"column":6},"end":{"line":165,"column":9}},"97":{"start":{"line":162,"column":8},"end":{"line":164,"column":9}},"98":{"start":{"line":163,"column":10},"end":{"line":163,"column":61}},"99":{"start":{"line":167,"column":6},"end":{"line":169,"column":7}},"100":{"start":{"line":168,"column":8},"end":{"line":168,"column":37}},"101":{"start":{"line":171,"column":6},"end":{"line":171,"column":57}},"102":{"start":{"line":172,"column":6},"end":{"line":172,"column":16}},"103":{"start":{"line":178,"column":6},"end":{"line":178,"column":24}},"104":{"start":{"line":180,"column":6},"end":{"line":203,"column":7}},"105":{"start":{"line":181,"column":8},"end":{"line":195,"column":11}},"106":{"start":{"line":182,"column":10},"end":{"line":194,"column":11}},"107":{"start":{"line":183,"column":12},"end":{"line":185,"column":13}},"108":{"start":{"line":184,"column":14},"end":{"line":184,"column":70}},"109":{"start":{"line":186,"column":12},"end":{"line":188,"column":13}},"110":{"start":{"line":187,"column":14},"end":{"line":187,"column":64}},"111":{"start":{"line":189,"column":12},"end":{"line":191,"column":13}},"112":{"start":{"line":190,"column":14},"end":{"line":190,"column":70}},"113":{"start":{"line":193,"column":12},"end":{"line":193,"column":48}},"114":{"start":{"line":197,"column":8},"end":{"line":199,"column":9}},"115":{"start":{"line":198,"column":10},"end":{"line":198,"column":29}},"116":{"start":{"line":201,"column":8},"end":{"line":201,"column":70}},"117":{"start":{"line":202,"column":8},"end":{"line":202,"column":18}},"118":{"start":{"line":204,"column":6},"end":{"line":221,"column":9}},"119":{"start":{"line":205,"column":8},"end":{"line":220,"column":9}},"120":{"start":{"line":206,"column":10},"end":{"line":208,"column":11}},"121":{"start":{"line":207,"column":12},"end":{"line":207,"column":57}},"122":{"start":{"line":209,"column":10},"end":{"line":211,"column":11}},"123":{"start":{"line":210,"column":12},"end":{"line":210,"column":67}},"124":{"start":{"line":212,"column":10},"end":{"line":214,"column":11}},"125":{"start":{"line":213,"column":12},"end":{"line":213,"column":72}},"126":{"start":{"line":215,"column":10},"end":{"line":217,"column":11}},"127":{"start":{"line":216,"column":12},"end":{"line":216,"column":76}},"128":{"start":{"line":219,"column":10},"end":{"line":219,"column":46}},"129":{"start":{"line":223,"column":6},"end":{"line":225,"column":7}},"130":{"start":{"line":224,"column":8},"end":{"line":224,"column":27}},"131":{"start":{"line":227,"column":6},"end":{"line":227,"column":68}},"132":{"start":{"line":228,"column":6},"end":{"line":228,"column":16}},"133":{"start":{"line":234,"column":6},"end":{"line":276,"column":7}},"134":{"start":{"line":235,"column":8},"end":{"line":272,"column":9}},"135":{"start":{"line":236,"column":10},"end":{"line":236,"column":62}},"136":{"start":{"line":237,"column":10},"end":{"line":237,"column":53}},"137":{"start":{"line":239,"column":10},"end":{"line":264,"column":12}},"138":{"start":{"line":266,"column":10},"end":{"line":268,"column":11}},"139":{"start":{"line":267,"column":12},"end":{"line":267,"column":51}},"140":{"start":{"line":270,"column":10},"end":{"line":270,"column":82}},"141":{"start":{"line":271,"column":10},"end":{"line":271,"column":20}},"142":{"start":{"line":274,"column":8},"end":{"line":274,"column":81}},"143":{"start":{"line":275,"column":8},"end":{"line":275,"column":18}},"144":{"start":{"line":278,"column":6},"end":{"line":278,"column":71}},"145":{"start":{"line":279,"column":6},"end":{"line":279,"column":16}},"146":{"start":{"line":285,"column":6},"end":{"line":285,"column":24}},"147":{"start":{"line":287,"column":6},"end":{"line":306,"column":7}},"148":{"start":{"line":288,"column":8},"end":{"line":302,"column":9}},"149":{"start":{"line":289,"column":10},"end":{"line":294,"column":13}},"150":{"start":{"line":290,"column":12},"end":{"line":293,"column":13}},"151":{"start":{"line":291,"column":14},"end":{"line":291,"column":50}},"152":{"start":{"line":292,"column":14},"end":{"line":292,"column":41}},"153":{"start":{"line":296,"column":10},"end":{"line":298,"column":11}},"154":{"start":{"line":297,"column":12},"end":{"line":297,"column":24}},"155":{"start":{"line":300,"column":10},"end":{"line":300,"column":75}},"156":{"start":{"line":301,"column":10},"end":{"line":301,"column":20}},"157":{"start":{"line":304,"column":8},"end":{"line":304,"column":60}},"158":{"start":{"line":305,"column":8},"end":{"line":305,"column":18}},"159":{"start":{"line":308,"column":6},"end":{"line":308,"column":68}},"160":{"start":{"line":309,"column":6},"end":{"line":309,"column":16}},"161":{"start":{"line":313,"column":2},"end":{"line":313,"column":16}},"162":{"start":{"line":316,"column":0},"end":{"line":316,"column":25}}},"branchMap":{"1":{"line":7,"type":"binary-expr","locations":[{"start":{"line":7,"column":168},"end":{"line":7,"column":189}},{"start":{"line":7,"column":193},"end":{"line":7,"column":198}}]},"2":{"line":7,"type":"if","locations":[{"start":{"line":7,"column":232},"end":{"line":7,"column":232}},{"start":{"line":7,"column":232},"end":{"line":7,"column":232}}]},"3":{"line":7,"type":"if","locations":[{"start":{"line":7,"column":407},"end":{"line":7,"column":407}},{"start":{"line":7,"column":407},"end":{"line":7,"column":407}}]},"4":{"line":7,"type":"if","locations":[{"start":{"line":7,"column":476},"end":{"line":7,"column":476}},{"start":{"line":7,"column":476},"end":{"line":7,"column":476}}]},"5":{"line":9,"type":"if","locations":[{"start":{"line":9,"column":50},"end":{"line":9,"column":50}},{"start":{"line":9,"column":50},"end":{"line":9,"column":50}}]},"6":{"line":16,"type":"binary-expr","locations":[{"start":{"line":16,"column":19},"end":{"line":16,"column":26}},{"start":{"line":16,"column":30},"end":{"line":16,"column":32}}]},"7":{"line":29,"type":"if","locations":[{"start":{"line":29,"column":6},"end":{"line":29,"column":6}},{"start":{"line":29,"column":6},"end":{"line":29,"column":6}}]},"8":{"line":35,"type":"if","locations":[{"start":{"line":35,"column":8},"end":{"line":35,"column":8}},{"start":{"line":35,"column":8},"end":{"line":35,"column":8}}]},"9":{"line":40,"type":"if","locations":[{"start":{"line":40,"column":6},"end":{"line":40,"column":6}},{"start":{"line":40,"column":6},"end":{"line":40,"column":6}}]},"10":{"line":53,"type":"if","locations":[{"start":{"line":53,"column":6},"end":{"line":53,"column":6}},{"start":{"line":53,"column":6},"end":{"line":53,"column":6}}]},"11":{"line":55,"type":"if","locations":[{"start":{"line":55,"column":10},"end":{"line":55,"column":10}},{"start":{"line":55,"column":10},"end":{"line":55,"column":10}}]},"12":{"line":60,"type":"if","locations":[{"start":{"line":60,"column":8},"end":{"line":60,"column":8}},{"start":{"line":60,"column":8},"end":{"line":60,"column":8}}]},"13":{"line":68,"type":"if","locations":[{"start":{"line":68,"column":6},"end":{"line":68,"column":6}},{"start":{"line":68,"column":6},"end":{"line":68,"column":6}}]},"14":{"line":81,"type":"if","locations":[{"start":{"line":81,"column":6},"end":{"line":81,"column":6}},{"start":{"line":81,"column":6},"end":{"line":81,"column":6}}]},"15":{"line":83,"type":"if","locations":[{"start":{"line":83,"column":10},"end":{"line":83,"column":10}},{"start":{"line":83,"column":10},"end":{"line":83,"column":10}}]},"16":{"line":83,"type":"binary-expr","locations":[{"start":{"line":83,"column":14},"end":{"line":83,"column":54}},{"start":{"line":83,"column":58},"end":{"line":83,"column":98}}]},"17":{"line":88,"type":"if","locations":[{"start":{"line":88,"column":8},"end":{"line":88,"column":8}},{"start":{"line":88,"column":8},"end":{"line":88,"column":8}}]},"18":{"line":96,"type":"if","locations":[{"start":{"line":96,"column":8},"end":{"line":96,"column":8}},{"start":{"line":96,"column":8},"end":{"line":96,"column":8}}]},"19":{"line":101,"type":"if","locations":[{"start":{"line":101,"column":6},"end":{"line":101,"column":6}},{"start":{"line":101,"column":6},"end":{"line":101,"column":6}}]},"20":{"line":114,"type":"if","locations":[{"start":{"line":114,"column":6},"end":{"line":114,"column":6}},{"start":{"line":114,"column":6},"end":{"line":114,"column":6}}]},"21":{"line":116,"type":"if","locations":[{"start":{"line":116,"column":10},"end":{"line":116,"column":10}},{"start":{"line":116,"column":10},"end":{"line":116,"column":10}}]},"22":{"line":116,"type":"binary-expr","locations":[{"start":{"line":116,"column":14},"end":{"line":116,"column":57}},{"start":{"line":116,"column":61},"end":{"line":116,"column":101}}]},"23":{"line":121,"type":"if","locations":[{"start":{"line":121,"column":8},"end":{"line":121,"column":8}},{"start":{"line":121,"column":8},"end":{"line":121,"column":8}}]},"24":{"line":129,"type":"if","locations":[{"start":{"line":129,"column":8},"end":{"line":129,"column":8}},{"start":{"line":129,"column":8},"end":{"line":129,"column":8}}]},"25":{"line":134,"type":"if","locations":[{"start":{"line":134,"column":6},"end":{"line":134,"column":6}},{"start":{"line":134,"column":6},"end":{"line":134,"column":6}}]},"26":{"line":147,"type":"if","locations":[{"start":{"line":147,"column":6},"end":{"line":147,"column":6}},{"start":{"line":147,"column":6},"end":{"line":147,"column":6}}]},"27":{"line":149,"type":"if","locations":[{"start":{"line":149,"column":10},"end":{"line":149,"column":10}},{"start":{"line":149,"column":10},"end":{"line":149,"column":10}}]},"28":{"line":149,"type":"binary-expr","locations":[{"start":{"line":149,"column":14},"end":{"line":149,"column":56}},{"start":{"line":149,"column":60},"end":{"line":149,"column":100}}]},"29":{"line":154,"type":"if","locations":[{"start":{"line":154,"column":8},"end":{"line":154,"column":8}},{"start":{"line":154,"column":8},"end":{"line":154,"column":8}}]},"30":{"line":162,"type":"if","locations":[{"start":{"line":162,"column":8},"end":{"line":162,"column":8}},{"start":{"line":162,"column":8},"end":{"line":162,"column":8}}]},"31":{"line":167,"type":"if","locations":[{"start":{"line":167,"column":6},"end":{"line":167,"column":6}},{"start":{"line":167,"column":6},"end":{"line":167,"column":6}}]},"32":{"line":180,"type":"if","locations":[{"start":{"line":180,"column":6},"end":{"line":180,"column":6}},{"start":{"line":180,"column":6},"end":{"line":180,"column":6}}]},"33":{"line":182,"type":"if","locations":[{"start":{"line":182,"column":10},"end":{"line":182,"column":10}},{"start":{"line":182,"column":10},"end":{"line":182,"column":10}}]},"34":{"line":182,"type":"binary-expr","locations":[{"start":{"line":182,"column":14},"end":{"line":182,"column":49}},{"start":{"line":182,"column":53},"end":{"line":182,"column":93}}]},"35":{"line":183,"type":"if","locations":[{"start":{"line":183,"column":12},"end":{"line":183,"column":12}},{"start":{"line":183,"column":12},"end":{"line":183,"column":12}}]},"36":{"line":186,"type":"if","locations":[{"start":{"line":186,"column":12},"end":{"line":186,"column":12}},{"start":{"line":186,"column":12},"end":{"line":186,"column":12}}]},"37":{"line":189,"type":"if","locations":[{"start":{"line":189,"column":12},"end":{"line":189,"column":12}},{"start":{"line":189,"column":12},"end":{"line":189,"column":12}}]},"38":{"line":197,"type":"if","locations":[{"start":{"line":197,"column":8},"end":{"line":197,"column":8}},{"start":{"line":197,"column":8},"end":{"line":197,"column":8}}]},"39":{"line":205,"type":"if","locations":[{"start":{"line":205,"column":8},"end":{"line":205,"column":8}},{"start":{"line":205,"column":8},"end":{"line":205,"column":8}}]},"40":{"line":206,"type":"if","locations":[{"start":{"line":206,"column":10},"end":{"line":206,"column":10}},{"start":{"line":206,"column":10},"end":{"line":206,"column":10}}]},"41":{"line":209,"type":"if","locations":[{"start":{"line":209,"column":10},"end":{"line":209,"column":10}},{"start":{"line":209,"column":10},"end":{"line":209,"column":10}}]},"42":{"line":212,"type":"if","locations":[{"start":{"line":212,"column":10},"end":{"line":212,"column":10}},{"start":{"line":212,"column":10},"end":{"line":212,"column":10}}]},"43":{"line":215,"type":"if","locations":[{"start":{"line":215,"column":10},"end":{"line":215,"column":10}},{"start":{"line":215,"column":10},"end":{"line":215,"column":10}}]},"44":{"line":223,"type":"if","locations":[{"start":{"line":223,"column":6},"end":{"line":223,"column":6}},{"start":{"line":223,"column":6},"end":{"line":223,"column":6}}]},"45":{"line":234,"type":"if","locations":[{"start":{"line":234,"column":6},"end":{"line":234,"column":6}},{"start":{"line":234,"column":6},"end":{"line":234,"column":6}}]},"46":{"line":235,"type":"if","locations":[{"start":{"line":235,"column":8},"end":{"line":235,"column":8}},{"start":{"line":235,"column":8},"end":{"line":235,"column":8}}]},"47":{"line":235,"type":"binary-expr","locations":[{"start":{"line":235,"column":12},"end":{"line":235,"column":22}},{"start":{"line":235,"column":26},"end":{"line":235,"column":37}},{"start":{"line":235,"column":41},"end":{"line":235,"column":58}},{"start":{"line":235,"column":62},"end":{"line":235,"column":74}},{"start":{"line":235,"column":78},"end":{"line":235,"column":91}}]},"48":{"line":266,"type":"if","locations":[{"start":{"line":266,"column":10},"end":{"line":266,"column":10}},{"start":{"line":266,"column":10},"end":{"line":266,"column":10}}]},"49":{"line":278,"type":"binary-expr","locations":[{"start":{"line":278,"column":19},"end":{"line":278,"column":29}},{"start":{"line":278,"column":33},"end":{"line":278,"column":70}}]},"50":{"line":287,"type":"if","locations":[{"start":{"line":287,"column":6},"end":{"line":287,"column":6}},{"start":{"line":287,"column":6},"end":{"line":287,"column":6}}]},"51":{"line":288,"type":"if","locations":[{"start":{"line":288,"column":8},"end":{"line":288,"column":8}},{"start":{"line":288,"column":8},"end":{"line":288,"column":8}}]},"52":{"line":290,"type":"if","locations":[{"start":{"line":290,"column":12},"end":{"line":290,"column":12}},{"start":{"line":290,"column":12},"end":{"line":290,"column":12}}]},"53":{"line":290,"type":"binary-expr","locations":[{"start":{"line":290,"column":16},"end":{"line":290,"column":51}},{"start":{"line":290,"column":55},"end":{"line":290,"column":95}}]},"54":{"line":296,"type":"if","locations":[{"start":{"line":296,"column":10},"end":{"line":296,"column":10}},{"start":{"line":296,"column":10},"end":{"line":296,"column":10}}]}}},"/root/RJ/Andela/sendit/build/routes/admins.js":{"path":"/root/RJ/Andela/sendit/build/routes/admins.js","s":{"1":1,"2":1,"3":1,"4":1,"5":1,"6":1,"7":1,"8":1,"9":1,"10":1,"11":4,"12":1,"13":1,"14":1,"15":1,"16":0,"17":0,"18":0,"19":0,"20":1,"21":0,"22":0,"23":0,"24":0,"25":0,"26":0,"27":0,"28":0,"29":0,"30":0,"31":0,"32":1},"b":{"1":[1,3],"2":[4,4],"3":[0,0],"4":[0,0],"5":[0,0],"6":[0,0],"7":[0,0]},"f":{"1":4,"2":0,"3":0},"fnMap":{"1":{"name":"_interopRequireDefault","line":23,"loc":{"start":{"line":23,"column":0},"end":{"line":23,"column":37}}},"2":{"name":"(anonymous_2)","line":34,"loc":{"start":{"line":34,"column":16},"end":{"line":34,"column":36}}},"3":{"name":"(anonymous_3)","line":49,"loc":{"start":{"line":49,"column":22},"end":{"line":49,"column":42}}}},"statementMap":{"1":{"start":{"line":3,"column":0},"end":{"line":5,"column":3}},"2":{"start":{"line":7,"column":0},"end":{"line":7,"column":24}},"3":{"start":{"line":9,"column":0},"end":{"line":9,"column":39}},"4":{"start":{"line":11,"column":0},"end":{"line":11,"column":34}},"5":{"start":{"line":13,"column":0},"end":{"line":13,"column":49}},"6":{"start":{"line":15,"column":0},"end":{"line":15,"column":49}},"7":{"start":{"line":17,"column":0},"end":{"line":17,"column":63}},"8":{"start":{"line":19,"column":0},"end":{"line":19,"column":41}},"9":{"start":{"line":21,"column":0},"end":{"line":21,"column":45}},"10":{"start":{"line":23,"column":0},"end":{"line":23,"column":95}},"11":{"start":{"line":23,"column":39},"end":{"line":23,"column":93}},"12":{"start":{"line":25,"column":0},"end":{"line":25,"column":17}},"13":{"start":{"line":26,"column":0},"end":{"line":26,"column":40}},"14":{"start":{"line":28,"column":0},"end":{"line":32,"column":4}},"15":{"start":{"line":34,"column":0},"end":{"line":46,"column":3}},"16":{"start":{"line":35,"column":2},"end":{"line":35,"column":20}},"17":{"start":{"line":37,"column":2},"end":{"line":39,"column":3}},"18":{"start":{"line":38,"column":4},"end":{"line":38,"column":35}},"19":{"start":{"line":41,"column":2},"end":{"line":45,"column":5}},"20":{"start":{"line":49,"column":0},"end":{"line":77,"column":3}},"21":{"start":{"line":50,"column":2},"end":{"line":50,"column":20}},"22":{"start":{"line":52,"column":2},"end":{"line":76,"column":3}},"23":{"start":{"line":53,"column":4},"end":{"line":53,"column":78}},"24":{"start":{"line":54,"column":4},"end":{"line":54,"column":48}},"25":{"start":{"line":55,"column":4},"end":{"line":55,"column":41}},"26":{"start":{"line":57,"column":4},"end":{"line":60,"column":5}},"27":{"start":{"line":58,"column":6},"end":{"line":58,"column":26}},"28":{"start":{"line":59,"column":6},"end":{"line":59,"column":30}},"29":{"start":{"line":62,"column":4},"end":{"line":62,"column":35}},"30":{"start":{"line":64,"column":4},"end":{"line":69,"column":7}},"31":{"start":{"line":71,"column":4},"end":{"line":75,"column":7}},"32":{"start":{"line":79,"column":0},"end":{"line":79,"column":25}}},"branchMap":{"1":{"line":23,"type":"cond-expr","locations":[{"start":{"line":23,"column":70},"end":{"line":23,"column":73}},{"start":{"line":23,"column":76},"end":{"line":23,"column":92}}]},"2":{"line":23,"type":"binary-expr","locations":[{"start":{"line":23,"column":46},"end":{"line":23,"column":49}},{"start":{"line":23,"column":53},"end":{"line":23,"column":67}}]},"3":{"line":37,"type":"if","locations":[{"start":{"line":37,"column":2},"end":{"line":37,"column":2}},{"start":{"line":37,"column":2},"end":{"line":37,"column":2}}]},"4":{"line":52,"type":"if","locations":[{"start":{"line":52,"column":2},"end":{"line":52,"column":2}},{"start":{"line":52,"column":2},"end":{"line":52,"column":2}}]},"5":{"line":57,"type":"if","locations":[{"start":{"line":57,"column":4},"end":{"line":57,"column":4}},{"start":{"line":57,"column":4},"end":{"line":57,"column":4}}]},"6":{"line":62,"type":"binary-expr","locations":[{"start":{"line":62,"column":16},"end":{"line":62,"column":25}},{"start":{"line":62,"column":29},"end":{"line":62,"column":34}}]},"7":{"line":74,"type":"binary-expr","locations":[{"start":{"line":74,"column":13},"end":{"line":74,"column":22}},{"start":{"line":74,"column":26},"end":{"line":74,"column":31}}]}}},"/root/RJ/Andela/sendit/build/private/Admin.js":{"path":"/root/RJ/Andela/sendit/build/private/Admin.js","s":{"1":1,"2":1,"3":1,"4":1,"5":1,"6":1,"7":1,"8":1,"9":1,"10":1,"11":1,"12":1,"13":1,"14":1,"15":0,"16":1,"17":1,"18":6,"19":0,"20":1,"21":1,"22":6,"23":6,"24":6,"25":6,"26":1,"27":6,"28":6,"29":0,"30":0,"31":6,"32":4,"33":8,"34":2,"35":4,"36":2,"37":2,"38":2,"39":2,"40":2,"41":1,"42":1},"b":{"1":[1,1],"2":[1,0],"3":[1,0],"4":[0,1],"5":[0,6],"6":[6,0],"7":[0,6],"8":[4,2],"9":[6,6,4],"10":[2,6],"11":[8,4],"12":[2,2]},"f":{"1":1,"2":1,"3":1,"4":6,"5":1,"6":6,"7":6,"8":8},"fnMap":{"1":{"name":"(anonymous_1)","line":7,"loc":{"start":{"line":7,"column":19},"end":{"line":7,"column":31}}},"2":{"name":"defineProperties","line":7,"loc":{"start":{"line":7,"column":33},"end":{"line":7,"column":74}}},"3":{"name":"(anonymous_3)","line":7,"loc":{"start":{"line":7,"column":357},"end":{"line":7,"column":405}}},"4":{"name":"_classCallCheck","line":9,"loc":{"start":{"line":9,"column":0},"end":{"line":9,"column":48}}},"5":{"name":"(anonymous_5)","line":11,"loc":{"start":{"line":11,"column":12},"end":{"line":11,"column":24}}},"6":{"name":"Admin","line":12,"loc":{"start":{"line":12,"column":2},"end":{"line":12,"column":25}}},"7":{"name":"signin","line":22,"loc":{"start":{"line":22,"column":11},"end":{"line":22,"column":33}}},"8":{"name":"(anonymous_8)","line":31,"loc":{"start":{"line":31,"column":41},"end":{"line":31,"column":56}}}},"statementMap":{"1":{"start":{"line":3,"column":0},"end":{"line":5,"column":3}},"2":{"start":{"line":7,"column":0},"end":{"line":7,"column":564}},"3":{"start":{"line":7,"column":33},"end":{"line":7,"column":349}},"4":{"start":{"line":7,"column":76},"end":{"line":7,"column":347}},"5":{"start":{"line":7,"column":117},"end":{"line":7,"column":143}},"6":{"start":{"line":7,"column":144},"end":{"line":7,"column":199}},"7":{"start":{"line":7,"column":200},"end":{"line":7,"column":231}},"8":{"start":{"line":7,"column":232},"end":{"line":7,"column":286}},"9":{"start":{"line":7,"column":259},"end":{"line":7,"column":286}},"10":{"start":{"line":7,"column":287},"end":{"line":7,"column":345}},"11":{"start":{"line":7,"column":350},"end":{"line":7,"column":559}},"12":{"start":{"line":7,"column":407},"end":{"line":7,"column":475}},"13":{"start":{"line":7,"column":423},"end":{"line":7,"column":475}},"14":{"start":{"line":7,"column":476},"end":{"line":7,"column":536}},"15":{"start":{"line":7,"column":493},"end":{"line":7,"column":536}},"16":{"start":{"line":7,"column":537},"end":{"line":7,"column":556}},"17":{"start":{"line":9,"column":0},"end":{"line":9,"column":153}},"18":{"start":{"line":9,"column":50},"end":{"line":9,"column":151}},"19":{"start":{"line":9,"column":92},"end":{"line":9,"column":149}},"20":{"start":{"line":11,"column":0},"end":{"line":52,"column":4}},"21":{"start":{"line":12,"column":2},"end":{"line":18,"column":3}},"22":{"start":{"line":13,"column":4},"end":{"line":13,"column":33}},"23":{"start":{"line":15,"column":4},"end":{"line":15,"column":20}},"24":{"start":{"line":16,"column":4},"end":{"line":16,"column":31}},"25":{"start":{"line":17,"column":4},"end":{"line":17,"column":20}},"26":{"start":{"line":20,"column":2},"end":{"line":49,"column":6}},"27":{"start":{"line":23,"column":6},"end":{"line":23,"column":23}},"28":{"start":{"line":25,"column":6},"end":{"line":28,"column":7}},"29":{"start":{"line":26,"column":8},"end":{"line":26,"column":70}},"30":{"start":{"line":27,"column":8},"end":{"line":27,"column":26}},"31":{"start":{"line":30,"column":6},"end":{"line":43,"column":7}},"32":{"start":{"line":31,"column":8},"end":{"line":35,"column":11}},"33":{"start":{"line":32,"column":10},"end":{"line":34,"column":11}},"34":{"start":{"line":33,"column":12},"end":{"line":33,"column":44}},"35":{"start":{"line":37,"column":8},"end":{"line":39,"column":9}},"36":{"start":{"line":38,"column":10},"end":{"line":38,"column":28}},"37":{"start":{"line":41,"column":8},"end":{"line":41,"column":69}},"38":{"start":{"line":42,"column":8},"end":{"line":42,"column":26}},"39":{"start":{"line":45,"column":6},"end":{"line":45,"column":68}},"40":{"start":{"line":46,"column":6},"end":{"line":46,"column":24}},"41":{"start":{"line":51,"column":2},"end":{"line":51,"column":15}},"42":{"start":{"line":55,"column":0},"end":{"line":55,"column":24}}},"branchMap":{"1":{"line":7,"type":"binary-expr","locations":[{"start":{"line":7,"column":168},"end":{"line":7,"column":189}},{"start":{"line":7,"column":193},"end":{"line":7,"column":198}}]},"2":{"line":7,"type":"if","locations":[{"start":{"line":7,"column":232},"end":{"line":7,"column":232}},{"start":{"line":7,"column":232},"end":{"line":7,"column":232}}]},"3":{"line":7,"type":"if","locations":[{"start":{"line":7,"column":407},"end":{"line":7,"column":407}},{"start":{"line":7,"column":407},"end":{"line":7,"column":407}}]},"4":{"line":7,"type":"if","locations":[{"start":{"line":7,"column":476},"end":{"line":7,"column":476}},{"start":{"line":7,"column":476},"end":{"line":7,"column":476}}]},"5":{"line":9,"type":"if","locations":[{"start":{"line":9,"column":50},"end":{"line":9,"column":50}},{"start":{"line":9,"column":50},"end":{"line":9,"column":50}}]},"6":{"line":16,"type":"binary-expr","locations":[{"start":{"line":16,"column":18},"end":{"line":16,"column":24}},{"start":{"line":16,"column":28},"end":{"line":16,"column":30}}]},"7":{"line":25,"type":"if","locations":[{"start":{"line":25,"column":6},"end":{"line":25,"column":6}},{"start":{"line":25,"column":6},"end":{"line":25,"column":6}}]},"8":{"line":30,"type":"if","locations":[{"start":{"line":30,"column":6},"end":{"line":30,"column":6}},{"start":{"line":30,"column":6},"end":{"line":30,"column":6}}]},"9":{"line":30,"type":"binary-expr","locations":[{"start":{"line":30,"column":10},"end":{"line":30,"column":40}},{"start":{"line":30,"column":44},"end":{"line":30,"column":61}},{"start":{"line":30,"column":65},"end":{"line":30,"column":85}}]},"10":{"line":32,"type":"if","locations":[{"start":{"line":32,"column":10},"end":{"line":32,"column":10}},{"start":{"line":32,"column":10},"end":{"line":32,"column":10}}]},"11":{"line":32,"type":"binary-expr","locations":[{"start":{"line":32,"column":14},"end":{"line":32,"column":52}},{"start":{"line":32,"column":56},"end":{"line":32,"column":100}}]},"12":{"line":37,"type":"if","locations":[{"start":{"line":37,"column":8},"end":{"line":37,"column":8}},{"start":{"line":37,"column":8},"end":{"line":37,"column":8}}]}}},"/root/RJ/Andela/sendit/build/routes/parcels.js":{"path":"/root/RJ/Andela/sendit/build/routes/parcels.js","s":{"1":1,"2":1,"3":1,"4":1,"5":1,"6":1,"7":1,"8":1,"9":1,"10":1,"11":4,"12":1,"13":1,"14":1,"15":1,"16":0,"17":0,"18":0,"19":0,"20":0,"21":0,"22":1,"23":0,"24":0,"25":0,"26":0,"27":0,"28":1,"29":0,"30":0,"31":0,"32":0,"33":0,"34":1,"35":0,"36":0,"37":0,"38":0,"39":0,"40":1,"41":0,"42":0,"43":0,"44":0,"45":0,"46":1,"47":0,"48":0,"49":0,"50":0,"51":0,"52":0,"53":0,"54":0,"55":1},"b":{"1":[1,3],"2":[4,4],"3":[0,0],"4":[0,0],"5":[0,0],"6":[0,0],"7":[0,0],"8":[0,0],"9":[0,0]},"f":{"1":4,"2":0,"3":0,"4":0,"5":0,"6":0,"7":0},"fnMap":{"1":{"name":"_interopRequireDefault","line":23,"loc":{"start":{"line":23,"column":0},"end":{"line":23,"column":37}}},"2":{"name":"(anonymous_2)","line":35,"loc":{"start":{"line":35,"column":16},"end":{"line":35,"column":36}}},"3":{"name":"(anonymous_3)","line":54,"loc":{"start":{"line":54,"column":23},"end":{"line":54,"column":43}}},"4":{"name":"(anonymous_4)","line":70,"loc":{"start":{"line":70,"column":26},"end":{"line":70,"column":46}}},"5":{"name":"(anonymous_5)","line":86,"loc":{"start":{"line":86,"column":25},"end":{"line":86,"column":45}}},"6":{"name":"(anonymous_6)","line":102,"loc":{"start":{"line":102,"column":20},"end":{"line":102,"column":40}}},"7":{"name":"(anonymous_7)","line":118,"loc":{"start":{"line":118,"column":27},"end":{"line":118,"column":47}}}},"statementMap":{"1":{"start":{"line":3,"column":0},"end":{"line":5,"column":3}},"2":{"start":{"line":7,"column":0},"end":{"line":7,"column":24}},"3":{"start":{"line":9,"column":0},"end":{"line":9,"column":39}},"4":{"start":{"line":11,"column":0},"end":{"line":11,"column":34}},"5":{"start":{"line":13,"column":0},"end":{"line":13,"column":49}},"6":{"start":{"line":15,"column":0},"end":{"line":15,"column":49}},"7":{"start":{"line":17,"column":0},"end":{"line":17,"column":63}},"8":{"start":{"line":19,"column":0},"end":{"line":19,"column":43}},"9":{"start":{"line":21,"column":0},"end":{"line":21,"column":47}},"10":{"start":{"line":23,"column":0},"end":{"line":23,"column":95}},"11":{"start":{"line":23,"column":39},"end":{"line":23,"column":93}},"12":{"start":{"line":25,"column":0},"end":{"line":25,"column":17}},"13":{"start":{"line":26,"column":0},"end":{"line":26,"column":40}},"14":{"start":{"line":28,"column":0},"end":{"line":32,"column":4}},"15":{"start":{"line":35,"column":0},"end":{"line":51,"column":3}},"16":{"start":{"line":36,"column":2},"end":{"line":36,"column":20}},"17":{"start":{"line":38,"column":2},"end":{"line":38,"column":83}},"18":{"start":{"line":40,"column":2},"end":{"line":40,"column":44}},"19":{"start":{"line":41,"column":2},"end":{"line":41,"column":49}},"20":{"start":{"line":42,"column":2},"end":{"line":42,"column":32}},"21":{"start":{"line":44,"column":2},"end":{"line":50,"column":5}},"22":{"start":{"line":54,"column":0},"end":{"line":67,"column":3}},"23":{"start":{"line":55,"column":2},"end":{"line":55,"column":20}},"24":{"start":{"line":56,"column":2},"end":{"line":56,"column":34}},"25":{"start":{"line":57,"column":2},"end":{"line":57,"column":49}},"26":{"start":{"line":58,"column":2},"end":{"line":58,"column":36}},"27":{"start":{"line":60,"column":2},"end":{"line":66,"column":5}},"28":{"start":{"line":70,"column":0},"end":{"line":83,"column":3}},"29":{"start":{"line":71,"column":2},"end":{"line":71,"column":20}},"30":{"start":{"line":72,"column":2},"end":{"line":72,"column":34}},"31":{"start":{"line":73,"column":2},"end":{"line":73,"column":49}},"32":{"start":{"line":74,"column":2},"end":{"line":74,"column":40}},"33":{"start":{"line":76,"column":2},"end":{"line":82,"column":5}},"34":{"start":{"line":86,"column":0},"end":{"line":99,"column":3}},"35":{"start":{"line":87,"column":2},"end":{"line":87,"column":20}},"36":{"start":{"line":88,"column":2},"end":{"line":88,"column":34}},"37":{"start":{"line":89,"column":2},"end":{"line":89,"column":49}},"38":{"start":{"line":90,"column":2},"end":{"line":90,"column":40}},"39":{"start":{"line":92,"column":2},"end":{"line":98,"column":5}},"40":{"start":{"line":102,"column":0},"end":{"line":115,"column":3}},"41":{"start":{"line":103,"column":2},"end":{"line":103,"column":20}},"42":{"start":{"line":104,"column":2},"end":{"line":104,"column":34}},"43":{"start":{"line":105,"column":2},"end":{"line":105,"column":49}},"44":{"start":{"line":106,"column":2},"end":{"line":106,"column":50}},"45":{"start":{"line":108,"column":2},"end":{"line":114,"column":5}},"46":{"start":{"line":118,"column":0},"end":{"line":144,"column":3}},"47":{"start":{"line":119,"column":2},"end":{"line":119,"column":20}},"48":{"start":{"line":120,"column":2},"end":{"line":120,"column":34}},"49":{"start":{"line":121,"column":2},"end":{"line":121,"column":49}},"50":{"start":{"line":122,"column":2},"end":{"line":122,"column":50}},"51":{"start":{"line":124,"column":2},"end":{"line":143,"column":3}},"52":{"start":{"line":125,"column":4},"end":{"line":125,"column":63}},"53":{"start":{"line":127,"column":4},"end":{"line":134,"column":7}},"54":{"start":{"line":136,"column":4},"end":{"line":142,"column":7}},"55":{"start":{"line":146,"column":0},"end":{"line":146,"column":25}}},"branchMap":{"1":{"line":23,"type":"cond-expr","locations":[{"start":{"line":23,"column":70},"end":{"line":23,"column":73}},{"start":{"line":23,"column":76},"end":{"line":23,"column":92}}]},"2":{"line":23,"type":"binary-expr","locations":[{"start":{"line":23,"column":46},"end":{"line":23,"column":49}},{"start":{"line":23,"column":53},"end":{"line":23,"column":67}}]},"3":{"line":40,"type":"binary-expr","locations":[{"start":{"line":40,"column":16},"end":{"line":40,"column":27}},{"start":{"line":40,"column":31},"end":{"line":40,"column":43}}]},"4":{"line":56,"type":"binary-expr","locations":[{"start":{"line":56,"column":16},"end":{"line":56,"column":27}},{"start":{"line":56,"column":31},"end":{"line":56,"column":33}}]},"5":{"line":72,"type":"binary-expr","locations":[{"start":{"line":72,"column":16},"end":{"line":72,"column":27}},{"start":{"line":72,"column":31},"end":{"line":72,"column":33}}]},"6":{"line":88,"type":"binary-expr","locations":[{"start":{"line":88,"column":16},"end":{"line":88,"column":27}},{"start":{"line":88,"column":31},"end":{"line":88,"column":33}}]},"7":{"line":104
[...]
ine":109,"column":2},"end":{"line":109,"column":20}},"47":{"start":{"line":111,"column":2},"end":{"line":111,"column":39}},"48":{"start":{"line":112,"column":2},"end":{"line":112,"column":43}},"49":{"start":{"line":113,"column":2},"end":{"line":113,"column":45}},"50":{"start":{"line":115,"column":2},"end":{"line":120,"column":3}},"51":{"start":{"line":116,"column":4},"end":{"line":116,"column":24}},"52":{"start":{"line":117,"column":4},"end":{"line":119,"column":7}},"53":{"start":{"line":122,"column":2},"end":{"line":124,"column":5}},"54":{"start":{"line":129,"column":0},"end":{"line":141,"column":3}},"55":{"start":{"line":130,"column":2},"end":{"line":130,"column":20}},"56":{"start":{"line":132,"column":2},"end":{"line":132,"column":44}},"57":{"start":{"line":133,"column":2},"end":{"line":133,"column":49}},"58":{"start":{"line":134,"column":2},"end":{"line":134,"column":45}},"59":{"start":{"line":136,"column":2},"end":{"line":140,"column":5}},"60":{"start":{"line":144,"column":0},"end":{"line":165,"column":3}},"61":{"start":{"line":145,"column":2},"end":{"line":145,"column":20}},"62":{"start":{"line":147,"column":2},"end":{"line":147,"column":44}},"63":{"start":{"line":148,"column":2},"end":{"line":148,"column":49}},"64":{"start":{"line":150,"column":2},"end":{"line":164,"column":3}},"65":{"start":{"line":151,"column":4},"end":{"line":151,"column":74}},"66":{"start":{"line":153,"column":4},"end":{"line":157,"column":5}},"67":{"start":{"line":154,"column":6},"end":{"line":156,"column":9}},"68":{"start":{"line":159,"column":4},"end":{"line":161,"column":7}},"69":{"start":{"line":163,"column":4},"end":{"line":163,"column":41}},"70":{"start":{"line":168,"column":0},"end":{"line":180,"column":3}},"71":{"start":{"line":169,"column":2},"end":{"line":169,"column":20}},"72":{"start":{"line":171,"column":2},"end":{"line":171,"column":44}},"73":{"start":{"line":172,"column":2},"end":{"line":172,"column":49}},"74":{"start":{"line":173,"column":2},"end":{"line":173,"column":49}},"75":{"start":{"line":175,"column":2},"end":{"line":179,"column":5}},"76":{"start":{"line":183,"column":0},"end":{"line":195,"column":3}},"77":{"start":{"line":184,"column":2},"end":{"line":184,"column":20}},"78":{"start":{"line":186,"column":2},"end":{"line":186,"column":44}},"79":{"start":{"line":187,"column":2},"end":{"line":187,"column":49}},"80":{"start":{"line":188,"column":2},"end":{"line":188,"column":53}},"81":{"start":{"line":190,"column":2},"end":{"line":194,"column":5}},"82":{"start":{"line":198,"column":0},"end":{"line":210,"column":3}},"83":{"start":{"line":199,"column":2},"end":{"line":199,"column":20}},"84":{"start":{"line":201,"column":2},"end":{"line":201,"column":44}},"85":{"start":{"line":202,"column":2},"end":{"line":202,"column":49}},"86":{"start":{"line":203,"column":2},"end":{"line":203,"column":53}},"87":{"start":{"line":205,"column":2},"end":{"line":209,"column":5}},"88":{"start":{"line":213,"column":0},"end":{"line":225,"column":3}},"89":{"start":{"line":214,"column":2},"end":{"line":214,"column":20}},"90":{"start":{"line":216,"column":2},"end":{"line":216,"column":44}},"91":{"start":{"line":217,"column":2},"end":{"line":217,"column":49}},"92":{"start":{"line":218,"column":2},"end":{"line":218,"column":50}},"93":{"start":{"line":220,"column":2},"end":{"line":224,"column":5}},"94":{"start":{"line":228,"column":0},"end":{"line":250,"column":3}},"95":{"start":{"line":229,"column":2},"end":{"line":229,"column":20}},"96":{"start":{"line":231,"column":2},"end":{"line":231,"column":44}},"97":{"start":{"line":232,"column":2},"end":{"line":232,"column":49}},"98":{"start":{"line":233,"column":2},"end":{"line":233,"column":50}},"99":{"start":{"line":235,"column":2},"end":{"line":249,"column":3}},"100":{"start":{"line":236,"column":4},"end":{"line":236,"column":85}},"101":{"start":{"line":238,"column":4},"end":{"line":242,"column":7}},"102":{"start":{"line":244,"column":4},"end":{"line":248,"column":7}},"103":{"start":{"line":253,"column":0},"end":{"line":268,"column":3}},"104":{"start":{"line":254,"column":2},"end":{"line":254,"column":20}},"105":{"start":{"line":255,"column":2},"end":{"line":255,"column":44}},"106":{"start":{"line":257,"column":2},"end":{"line":267,"column":3}},"107":{"start":{"line":258,"column":4},"end":{"line":266,"column":7}},"108":{"start":{"line":259,"column":6},"end":{"line":265,"column":7}},"109":{"start":{"line":260,"column":8},"end":{"line":262,"column":11}},"110":{"start":{"line":263,"column":8},"end":{"line":263,"column":32}},"111":{"start":{"line":270,"column":0},"end":{"line":270,"column":25}}},"branchMap":{"1":{"line":27,"type":"cond-expr","locations":[{"start":{"line":27,"column":70},"end":{"line":27,"column":73}},{"start":{"line":27,"column":76},"end":{"line":27,"column":92}}]},"2":{"line":27,"type":"binary-expr","locations":[{"start":{"line":27,"column":46},"end":{"line":27,"column":49}},{"start":{"line":27,"column":53},"end":{"line":27,"column":67}}]},"3":{"line":56,"type":"binary-expr","locations":[{"start":{"line":56,"column":14},"end":{"line":56,"column":23}},{"start":{"line":56,"column":27},"end":{"line":56,"column":38}}]},"4":{"line":59,"type":"if","locations":[{"start":{"line":59,"column":2},"end":{"line":59,"column":2}},{"start":{"line":59,"column":2},"end":{"line":59,"column":2}}]},"5":{"line":62,"type":"if","locations":[{"start":{"line":62,"column":4},"end":{"line":62,"column":4}},{"start":{"line":62,"column":4},"end":{"line":62,"column":4}}]},"6":{"line":68,"type":"binary-expr","locations":[{"start":{"line":68,"column":15},"end":{"line":68,"column":23}},{"start":{"line":68,"column":27},"end":{"line":68,"column":32}}]},"7":{"line":82,"type":"if","locations":[{"start":{"line":82,"column":2},"end":{"line":82,"column":2}},{"start":{"line":82,"column":2},"end":{"line":82,"column":2}}]},"8":{"line":84,"type":"binary-expr","locations":[{"start":{"line":84,"column":16},"end":{"line":84,"column":25}},{"start":{"line":84,"column":29},"end":{"line":84,"column":40}}]},"9":{"line":88,"type":"if","locations":[{"start":{"line":88,"column":4},"end":{"line":88,"column":4}},{"start":{"line":88,"column":4},"end":{"line":88,"column":4}}]},"10":{"line":95,"type":"binary-expr","locations":[{"start":{"line":95,"column":15},"end":{"line":95,"column":23}},{"start":{"line":95,"column":27},"end":{"line":95,"column":32}}]},"11":{"line":111,"type":"binary-expr","locations":[{"start":{"line":111,"column":14},"end":{"line":111,"column":23}},{"start":{"line":111,"column":27},"end":{"line":111,"column":38}}]},"12":{"line":115,"type":"if","locations":[{"start":{"line":115,"column":2},"end":{"line":115,"column":2}},{"start":{"line":115,"column":2},"end":{"line":115,"column":2}}]},"13":{"line":132,"type":"binary-expr","locations":[{"start":{"line":132,"column":16},"end":{"line":132,"column":27}},{"start":{"line":132,"column":31},"end":{"line":132,"column":43}}]},"14":{"line":147,"type":"binary-expr","locations":[{"start":{"line":147,"column":16},"end":{"line":147,"column":27}},{"start":{"line":147,"column":31},"end":{"line":147,"column":43}}]},"15":{"line":150,"type":"if","locations":[{"start":{"line":150,"column":2},"end":{"line":150,"column":2}},{"start":{"line":150,"column":2},"end":{"line":150,"column":2}}]},"16":{"line":153,"type":"if","locations":[{"start":{"line":153,"column":4},"end":{"line":153,"column":4}},{"start":{"line":153,"column":4},"end":{"line":153,"column":4}}]},"17":{"line":171,"type":"binary-expr","locations":[{"start":{"line":171,"column":16},"end":{"line":171,"column":27}},{"start":{"line":171,"column":31},"end":{"line":171,"column":43}}]},"18":{"line":186,"type":"binary-expr","locations":[{"start":{"line":186,"column":16},"end":{"line":186,"column":27}},{"start":{"line":186,"column":31},"end":{"line":186,"column":43}}]},"19":{"line":201,"type":"binary-expr","locations":[{"start":{"line":201,"column":16},"end":{"line":201,"column":27}},{"start":{"line":201,"column":31},"end":{"line":201,"column":43}}]},"20":{"line":216,"type":"binary-expr","locations":[{"start":{"line":216,"column":16},"end":{"line":216,"column":27}},{"start":{"line":216,"column":31},"end":{"line":216,"column":43}}]},"21":{"line":231,"type":"binary-expr","locations":[{"start":{"line":231,"column":16},"end":{"line":231,"column":27}},{"start":{"line":231,"column":31},"end":{"line":231,"column":43}}]},"22":{"line":235,"type":"if","locations":[{"start":{"line":235,"column":2},"end":{"line":235,"column":2}},{"start":{"line":235,"column":2},"end":{"line":235,"column":2}}]},"23":{"line":255,"type":"binary-expr","locations":[{"start":{"line":255,"column":16},"end":{"line":255,"column":27}},{"start":{"line":255,"column":31},"end":{"line":255,"column":43}}]},"24":{"line":257,"type":"if","locations":[{"start":{"line":257,"column":2},"end":{"line":257,"column":2}},{"start":{"line":257,"column":2},"end":{"line":257,"column":2}}]},"25":{"line":257,"type":"binary-expr","locations":[{"start":{"line":257,"column":6},"end":{"line":257,"column":17}},{"start":{"line":257,"column":21},"end":{"line":257,"column":34}}]},"26":{"line":259,"type":"if","locations":[{"start":{"line":259,"column":6},"end":{"line":259,"column":6}},{"start":{"line":259,"column":6},"end":{"line":259,"column":6}}]}}},"/root/RJ/Andela/sendit/build/routes/v1/admins.js":{"path":"/root/RJ/Andela/sendit/build/routes/v1/admins.js","s":{"1":1,"2":1,"3":1,"4":1,"5":1,"6":1,"7":1,"8":1,"9":1,"10":1,"11":4,"12":1,"13":1,"14":1,"15":1,"16":0,"17":0,"18":0,"19":0,"20":1,"21":3,"22":3,"23":3,"24":3,"25":3,"26":3,"27":1,"28":1,"29":3,"30":3,"31":0,"32":1},"b":{"1":[1,3],"2":[4,4],"3":[0,0],"4":[3,0],"5":[1,2],"6":[3,2]},"f":{"1":4,"2":0,"3":3},"fnMap":{"1":{"name":"_interopRequireDefault","line":23,"loc":{"start":{"line":23,"column":0},"end":{"line":23,"column":37}}},"2":{"name":"(anonymous_2)","line":34,"loc":{"start":{"line":34,"column":16},"end":{"line":34,"column":36}}},"3":{"name":"(anonymous_3)","line":45,"loc":{"start":{"line":45,"column":22},"end":{"line":45,"column":42}}}},"statementMap":{"1":{"start":{"line":3,"column":0},"end":{"line":5,"column":3}},"2":{"start":{"line":7,"column":0},"end":{"line":7,"column":24}},"3":{"start":{"line":9,"column":0},"end":{"line":9,"column":39}},"4":{"start":{"line":11,"column":0},"end":{"line":11,"column":34}},"5":{"start":{"line":13,"column":0},"end":{"line":13,"column":49}},"6":{"start":{"line":15,"column":0},"end":{"line":15,"column":49}},"7":{"start":{"line":17,"column":0},"end":{"line":17,"column":63}},"8":{"start":{"line":19,"column":0},"end":{"line":19,"column":44}},"9":{"start":{"line":21,"column":0},"end":{"line":21,"column":45}},"10":{"start":{"line":23,"column":0},"end":{"line":23,"column":95}},"11":{"start":{"line":23,"column":39},"end":{"line":23,"column":93}},"12":{"start":{"line":25,"column":0},"end":{"line":25,"column":17}},"13":{"start":{"line":26,"column":0},"end":{"line":26,"column":40}},"14":{"start":{"line":28,"column":0},"end":{"line":32,"column":4}},"15":{"start":{"line":34,"column":0},"end":{"line":42,"column":3}},"16":{"start":{"line":35,"column":2},"end":{"line":35,"column":20}},"17":{"start":{"line":37,"column":2},"end":{"line":39,"column":3}},"18":{"start":{"line":38,"column":4},"end":{"line":38,"column":42}},"19":{"start":{"line":41,"column":2},"end":{"line":41,"column":31}},"20":{"start":{"line":45,"column":0},"end":{"line":68,"column":3}},"21":{"start":{"line":46,"column":2},"end":{"line":46,"column":20}},"22":{"start":{"line":48,"column":2},"end":{"line":67,"column":3}},"23":{"start":{"line":49,"column":4},"end":{"line":49,"column":78}},"24":{"start":{"line":50,"column":4},"end":{"line":50,"column":48}},"25":{"start":{"line":51,"column":4},"end":{"line":51,"column":41}},"26":{"start":{"line":53,"column":4},"end":{"line":58,"column":5}},"27":{"start":{"line":54,"column":6},"end":{"line":54,"column":26}},"28":{"start":{"line":55,"column":6},"end":{"line":57,"column":9}},"29":{"start":{"line":60,"column":4},"end":{"line":60,"column":35}},"30":{"start":{"line":62,"column":4},"end":{"line":64,"column":7}},"31":{"start":{"line":66,"column":4},"end":{"line":66,"column":33}},"32":{"start":{"line":70,"column":0},"end":{"line":70,"column":25}}},"branchMap":{"1":{"line":23,"type":"cond-expr","locations":[{"start":{"line":23,"column":70},"end":{"line":23,"column":73}},{"start":{"line":23,"column":76},"end":{"line":23,"column":92}}]},"2":{"line":23,"type":"binary-expr","locations":[{"start":{"line":23,"column":46},"end":{"line":23,"column":49}},{"start":{"line":23,"column":53},"end":{"line":23,"column":67}}]},"3":{"line":37,"type":"if","locations":[{"start":{"line":37,"column":2},"end":{"line":37,"column":2}},{"start":{"line":37,"column":2},"end":{"line":37,"column":2}}]},"4":{"line":48,"type":"if","locations":[{"start":{"line":48,"column":2},"end":{"line":48,"column":2}},{"start":{"line":48,"column":2},"end":{"line":48,"column":2}}]},"5":{"line":53,"type":"if","locations":[{"start":{"line":53,"column":4},"end":{"line":53,"column":4}},{"start":{"line":53,"column":4},"end":{"line":53,"column":4}}]},"6":{"line":60,"type":"binary-expr","locations":[{"start":{"line":60,"column":16},"end":{"line":60,"column":25}},{"start":{"line":60,"column":29},"end":{"line":60,"column":34}}]}}},"/root/RJ/Andela/sendit/build/routes/v1/parcels.js":{"path":"/root/RJ/Andela/sendit/build/routes/v1/parcels.js","s":{"1":1,"2":1,"3":1,"4":1,"5":1,"6":1,"7":1,"8":1,"9":1,"10":1,"11":4,"12":1,"13":1,"14":1,"15":1,"16":1,"17":1,"18":1,"19":1,"20":1,"21":1,"22":1,"23":1,"24":1,"25":1,"26":1,"27":1,"28":1,"29":1,"30":1,"31":1,"32":1,"33":1,"34":1,"35":1,"36":1,"37":1,"38":1,"39":1,"40":1,"41":1,"42":1,"43":1,"44":1,"45":1,"46":1,"47":1,"48":1,"49":1,"50":1,"51":1,"52":1,"53":1,"54":0,"55":1},"b":{"1":[1,3],"2":[4,4],"3":[1,1],"4":[1,1],"5":[1,1],"6":[1,1],"7":[1,1],"8":[1,1],"9":[1,0]},"f":{"1":4,"2":1,"3":1,"4":1,"5":1,"6":1,"7":1},"fnMap":{"1":{"name":"_interopRequireDefault","line":23,"loc":{"start":{"line":23,"column":0},"end":{"line":23,"column":37}}},"2":{"name":"(anonymous_2)","line":39,"loc":{"start":{"line":39,"column":16},"end":{"line":39,"column":36}}},"3":{"name":"(anonymous_3)","line":52,"loc":{"start":{"line":52,"column":23},"end":{"line":52,"column":43}}},"4":{"name":"(anonymous_4)","line":66,"loc":{"start":{"line":66,"column":26},"end":{"line":66,"column":46}}},"5":{"name":"(anonymous_5)","line":80,"loc":{"start":{"line":80,"column":25},"end":{"line":80,"column":45}}},"6":{"name":"(anonymous_6)","line":94,"loc":{"start":{"line":94,"column":20},"end":{"line":94,"column":40}}},"7":{"name":"(anonymous_7)","line":108,"loc":{"start":{"line":108,"column":27},"end":{"line":108,"column":47}}}},"statementMap":{"1":{"start":{"line":3,"column":0},"end":{"line":5,"column":3}},"2":{"start":{"line":7,"column":0},"end":{"line":7,"column":24}},"3":{"start":{"line":9,"column":0},"end":{"line":9,"column":39}},"4":{"start":{"line":11,"column":0},"end":{"line":11,"column":34}},"5":{"start":{"line":13,"column":0},"end":{"line":13,"column":49}},"6":{"start":{"line":15,"column":0},"end":{"line":15,"column":49}},"7":{"start":{"line":17,"column":0},"end":{"line":17,"column":63}},"8":{"start":{"line":19,"column":0},"end":{"line":19,"column":46}},"9":{"start":{"line":21,"column":0},"end":{"line":21,"column":47}},"10":{"start":{"line":23,"column":0},"end":{"line":23,"column":95}},"11":{"start":{"line":23,"column":39},"end":{"line":23,"column":93}},"12":{"start":{"line":25,"column":0},"end":{"line":25,"column":17}},"13":{"start":{"line":26,"column":0},"end":{"line":26,"column":40}},"14":{"start":{"line":28,"column":0},"end":{"line":32,"column":4}},"15":{"start":{"line":35,"column":0},"end":{"line":35,"column":81}},"16":{"start":{"line":39,"column":0},"end":{"line":49,"column":3}},"17":{"start":{"line":40,"column":2},"end":{"line":40,"column":20}},"18":{"start":{"line":41,"column":2},"end":{"line":41,"column":44}},"19":{"start":{"line":42,"column":2},"end":{"line":42,"column":49}},"20":{"start":{"line":43,"column":2},"end":{"line":43,"column":32}},"21":{"start":{"line":45,"column":2},"end":{"line":48,"column":5}},"22":{"start":{"line":52,"column":0},"end":{"line":63,"column":3}},"23":{"start":{"line":53,"column":2},"end":{"line":53,"column":20}},"24":{"start":{"line":55,"column":2},"end":{"line":55,"column":44}},"25":{"start":{"line":56,"column":2},"end":{"line":56,"column":49}},"26":{"start":{"line":57,"column":2},"end":{"line":57,"column":36}},"27":{"start":{"line":59,"column":2},"end":{"line":62,"column":5}},"28":{"start":{"line":66,"column":0},"end":{"line":77,"column":3}},"29":{"start":{"line":67,"column":2},"end":{"line":67,"column":20}},"30":{"start":{"line":69,"column":2},"end":{"line":69,"column":44}},"31":{"start":{"line":70,"column":2},"end":{"line":70,"column":49}},"32":{"start":{"line":71,"column":2},"end":{"line":71,"column":40}},"33":{"start":{"line":73,"column":2},"end":{"line":76,"column":5}},"34":{"start":{"line":80,"column":0},"end":{"line":91,"column":3}},"35":{"start":{"line":81,"column":2},"end":{"line":81,"column":20}},"36":{"start":{"line":83,"column":2},"end":{"line":83,"column":44}},"37":{"start":{"line":84,"column":2},"end":{"line":84,"column":49}},"38":{"start":{"line":85,"column":2},"end":{"line":85,"column":40}},"39":{"start":{"line":87,"column":2},"end":{"line":90,"column":5}},"40":{"start":{"line":94,"column":0},"end":{"line":105,"column":3}},"41":{"start":{"line":95,"column":2},"end":{"line":95,"column":20}},"42":{"start":{"line":97,"column":2},"end":{"line":97,"column":44}},"43":{"start":{"line":98,"column":2},"end":{"line":98,"column":49}},"44":{"start":{"line":99,"column":2},"end":{"line":99,"column":50}},"45":{"start":{"line":101,"column":2},"end":{"line":104,"column":5}},"46":{"start":{"line":108,"column":0},"end":{"line":128,"column":3}},"47":{"start":{"line":109,"column":2},"end":{"line":109,"column":20}},"48":{"start":{"line":111,"column":2},"end":{"line":111,"column":44}},"49":{"start":{"line":112,"column":2},"end":{"line":112,"column":49}},"50":{"start":{"line":113,"column":2},"end":{"line":113,"column":50}},"51":{"start":{"line":115,"column":2},"end":{"line":127,"column":3}},"52":{"start":{"line":116,"column":4},"end":{"line":116,"column":63}},"53":{"start":{"line":118,"column":4},"end":{"line":121,"column":7}},"54":{"start":{"line":123,"column":4},"end":{"line":126,"column":7}},"55":{"start":{"line":130,"column":0},"end":{"line":130,"column":25}}},"branchMap":{"1":{"line":23,"type":"cond-expr","locations":[{"start":{"line":23,"column":70},"end":{"line":23,"column":73}},{"start":{"line":23,"column":76},"end":{"line":23,"column":92}}]},"2":{"line":23,"type":"binary-expr","locations":[{"start":{"line":23,"column":46},"end":{"line":23,"column":49}},{"start":{"line":23,"column":53},"end":{"line":23,"column":67}}]},"3":{"line":41,"type":"binary-expr","locations":[{"start":{"line":41,"column":16},"end":{"line":41,"column":27}},{"start":{"line":41,"column":31},"end":{"line":41,"column":43}}]},"4":{"line":55,"type":"binary-expr","locations":[{"start":{"line":55,"column":16},"end":{"line":55,"column":27}},{"start":{"line":55,"column":31},"end":{"line":55,"column":43}}]},"5":{"line":69,"type":"binary-expr","locations":[{"start":{"line":69,"column":16},"end":{"line":69,"column":27}},{"start":{"line":69,"column":31},"end":{"line":69,"column":43}}]},"6":{"line":83,"type":"binary-expr","locations":[{"start":{"line":83,"column":16},"end":{"line":83,"column":27}},{"start":{"line":83,"column":31},"end":{"line":83,"column":43}}]},"7":{"line":97,"type":"binary-expr","locations":[{"start":{"line":97,"column":16},"end":{"line":97,"column":27}},{"start":{"line":97,"column":31},"end":{"line":97,"column":43}}]},"8":{"line":111,"type":"binary-expr","locations":[{"start":{"line":111,"column":16},"end":{"line":111,"column":27}},{"start":{"line":111,"column":31},"end":{"line":111,"column":43}}]},"9":{"line":115,"type":"if","locations":[{"start":{"line":115,"column":2},"end":{"line":115,"column":2}},{"start":{"line":115,"column":2},"end":{"line":115,"column":2}}]}}}}