TN:
SF:/root/RJ/Andela/sendit/src/app.js
FN:35,(anonymous_1)
FN:40,(anonymous_2)
FNF:2
FNH:1
FNDA:0,(anonymous_1)
FNDA:4,(anonymous_2)
DA:1,1
DA:2,1
DA:3,1
DA:4,1
DA:5,1
DA:6,1
DA:8,1
DA:9,1
DA:10,1
DA:11,1
DA:13,1
DA:19,1
DA:20,1
DA:21,1
DA:22,1
DA:23,1
DA:24,1
DA:26,1
DA:29,1
DA:30,1
DA:31,1
DA:32,1
DA:35,1
DA:36,0
DA:40,1
DA:42,4
DA:43,4
DA:46,4
DA:47,4
DA:48,0
LF:30
LH:28
BRDA:43,0,0,4
BRDA:43,0,1,0
BRDA:46,1,0,4
BRDA:46,1,1,4
BRF:4
BRH:3
end_of_record
TN:
SF:/root/RJ/Andela/sendit/src/controllers/Admin.js
FN:2,Admin
FN:15,(anonymous_7)
FNF:2
FNH:2
FNDA:3,Admin
FNDA:4,(anonymous_7)
DA:2,3
DA:3,3
DA:4,3
DA:5,3
DA:8,3
DA:9,3
DA:10,0
DA:11,0
DA:14,3
DA:15,2
DA:16,4
DA:17,1
DA:21,2
DA:22,1
DA:25,1
DA:26,1
DA:29,1
DA:30,1
LF:18
LH:16
BRDA:4,0,0,3
BRDA:4,0,1,0
BRDA:9,1,0,0
BRDA:9,1,1,3
BRDA:14,2,0,2
BRDA:14,2,1,1
BRDA:14,3,0,3
BRDA:14,3,1,3
BRDA:14,3,2,2
BRDA:16,4,0,1
BRDA:16,4,1,3
BRDA:16,5,0,4
BRDA:16,5,1,2
BRDA:21,6,0,1
BRDA:21,6,1,1
BRF:15
BRH:13
end_of_record
TN:
SF:/root/RJ/Andela/sendit/src/controllers/Parcel.js
FN:2,Parcel
FN:18,(anonymous_7)
FN:34,(anonymous_9)
FN:58,(anonymous_11)
FN:71,(anonymous_12)
FN:87,(anonymous_14)
FN:100,(anonymous_15)
FN:116,(anonymous_17)
FN:129,(anonymous_18)
FN:145,(anonymous_20)
FN:168,(anonymous_21)
FN:244,(anonymous_24)
FNF:12
FNH:11
FNDA:19,Parcel
FNDA:37,(anonymous_7)
FNDA:12,(anonymous_9)
FNDA:6,(anonymous_11)
FNDA:7,(anonymous_12)
FNDA:6,(anonymous_14)
FNDA:7,(anonymous_15)
FNDA:6,(anonymous_17)
FNDA:7,(anonymous_18)
FNDA:6,(anonymous_20)
FNDA:6,(anonymous_21)
FNDA:0,(anonymous_24)
DA:2,19
DA:3,19
DA:4,19
DA:5,19
DA:6,19
DA:7,19
DA:8,19
DA:9,19
DA:12,6
DA:13,6
DA:14,0
DA:15,0
DA:18,6
DA:19,37
DA:20,6
DA:24,6
DA:25,6
DA:28,0
DA:29,0
DA:32,3
DA:33,3
DA:34,2
DA:35,12
DA:36,8
DA:40,2
DA:41,2
DA:44,0
DA:45,0
DA:48,1
DA:49,1
DA:52,0
DA:53,0
DA:56,2
DA:57,2
DA:58,1
DA:59,6
DA:60,2
DA:64,1
DA:65,1
DA:68,0
DA:69,0
DA:71,1
DA:72,7
DA:73,3
DA:77,1
DA:78,1
DA:81,0
DA:82,0
DA:85,2
DA:86,2
DA:87,1
DA:88,6
DA:89,1
DA:93,1
DA:94,1
DA:97,0
DA:98,0
DA:100,1
DA:101,7
DA:102,2
DA:106,1
DA:107,1
DA:110,0
DA:111,0
DA:114,2
DA:115,2
DA:116,1
DA:117,6
DA:118,1
DA:122,1
DA:123,1
DA:126,0
DA:127,0
DA:129,1
DA:130,7
DA:131,2
DA:135,1
DA:136,1
DA:139,0
DA:140,0
DA:143,2
DA:144,2
DA:145,1
DA:146,6
DA:147,0
DA:148,0
DA:150,0
DA:151,0
DA:153,0
DA:154,0
DA:157,0
DA:161,1
DA:162,1
DA:165,0
DA:166,0
DA:168,1
DA:169,6
DA:170,1
DA:171,1
DA:173,1
DA:174,1
DA:176,1
DA:177,1
DA:179,1
DA:180,0
DA:183,1
DA:187,1
DA:188,1
DA:191,0
DA:192,0
DA:196,2
DA:197,2
DA:198,1
DA:199,1
DA:201,1
DA:228,1
DA:229,1
DA:233,1
DA:234,1
DA:237,0
DA:238,0
DA:241,0
DA:242,0
DA:243,0
DA:244,0
DA:245,0
DA:246,0
DA:247,0
DA:251,0
DA:252,0
DA:255,0
DA:256,0
DA:259,0
DA:260,0
DA:263,0
DA:264,0
LF:136
LH:87
BRDA:4,0,0,19
BRDA:4,0,1,0
BRDA:13,1,0,0
BRDA:13,1,1,6
BRDA:19,2,0,6
BRDA:19,2,1,31
BRDA:24,3,0,6
BRDA:24,3,1,0
BRDA:33,4,0,2
BRDA:33,4,1,1
BRDA:35,5,0,8
BRDA:35,5,1,4
BRDA:40,6,0,2
BRDA:40,6,1,0
BRDA:48,7,0,1
BRDA:48,7,1,0
BRDA:57,8,0,1
BRDA:57,8,1,1
BRDA:59,9,0,2
BRDA:59,9,1,4
BRDA:59,10,0,6
BRDA:59,10,1,2
BRDA:64,11,0,1
BRDA:64,11,1,0
BRDA:72,12,0,3
BRDA:72,12,1,4
BRDA:77,13,0,1
BRDA:77,13,1,0
BRDA:86,14,0,1
BRDA:86,14,1,1
BRDA:88,15,0,1
BRDA:88,15,1,5
BRDA:88,16,0,6
BRDA:88,16,1,2
BRDA:93,17,0,1
BRDA:93,17,1,0
BRDA:101,18,0,2
BRDA:101,18,1,5
BRDA:106,19,0,1
BRDA:106,19,1,0
BRDA:115,20,0,1
BRDA:115,20,1,1
BRDA:117,21,0,1
BRDA:117,21,1,5
BRDA:117,22,0,6
BRDA:117,22,1,2
BRDA:122,23,0,1
BRDA:122,23,1,0
BRDA:130,24,0,2
BRDA:130,24,1,5
BRDA:135,25,0,1
BRDA:135,25,1,0
BRDA:144,26,0,1
BRDA:144,26,1,1
BRDA:146,27,0,0
BRDA:146,27,1,6
BRDA:146,28,0,6
BRDA:146,28,1,1
BRDA:147,29,0,0
BRDA:147,29,1,0
BRDA:150,30,0,0
BRDA:150,30,1,0
BRDA:153,31,0,0
BRDA:153,31,1,0
BRDA:161,32,0,1
BRDA:161,32,1,0
BRDA:169,33,0,1
BRDA:169,33,1,5
BRDA:170,34,0,1
BRDA:170,34,1,0
BRDA:173,35,0,1
BRDA:173,35,1,0
BRDA:176,36,0,1
BRDA:176,36,1,0
BRDA:179,37,0,0
BRDA:179,37,1,1
BRDA:187,38,0,1
BRDA:187,38,1,0
BRDA:196,39,0,2
BRDA:196,39,1,0
BRDA:197,40,0,1
BRDA:197,40,1,1
BRDA:197,41,0,2
BRDA:197,41,1,1
BRDA:197,41,2,1
BRDA:197,41,3,1
BRDA:197,41,4,1
BRDA:228,42,0,1
BRDA:228,42,1,0
BRDA:237,43,0,0
BRDA:237,43,1,0
BRDA:242,44,0,0
BRDA:242,44,1,0
BRDA:243,45,0,0
BRDA:243,45,1,0
BRDA:245,46,0,0
BRDA:245,46,1,0
BRDA:245,47,0,0
BRDA:245,47,1,0
BRDA:251,48,0,0
BRDA:251,48,1,0
BRF:101
BRH:63
end_of_record
TN:
SF:/root/RJ/Andela/sendit/src/controllers/User.js
FN:4,User
FN:16,(anonymous_8)
FN:68,(anonymous_11)
FNF:3
FNH:3
FNDA:7,User
FNDA:4,(anonymous_8)
FNDA:4,(anonymous_11)
DA:1,1
DA:4,7
DA:5,7
DA:6,7
DA:7,7
DA:10,2
DA:11,2
DA:12,0
DA:13,0
DA:16,2
DA:17,4
DA:18,1
DA:22,2
DA:23,1
DA:26,1
DA:27,1
DA:31,2
DA:32,0
DA:33,0
DA:36,2
DA:37,1
DA:39,1
DA:52,1
DA:54,1
DA:57,1
DA:58,1
DA:61,3
DA:62,3
DA:63,0
DA:64,0
DA:67,3
DA:68,2
DA:69,4
DA:70,1
DA:74,2
DA:75,1
DA:78,1
DA:79,1
DA:82,1
DA:83,1
LF:40
LH:34
BRDA:6,0,0,7
BRDA:6,0,1,0
BRDA:11,1,0,0
BRDA:11,1,1,2
BRDA:17,2,0,1
BRDA:17,2,1,3
BRDA:22,3,0,1
BRDA:22,3,1,1
BRDA:31,4,0,0
BRDA:31,4,1,2
BRDA:36,5,0,1
BRDA:36,5,1,1
BRDA:36,6,0,2
BRDA:36,6,1,2
BRDA:36,6,2,1
BRDA:36,6,3,1
BRDA:36,6,4,1
BRDA:36,6,5,1
BRDA:62,7,0,0
BRDA:62,7,1,3
BRDA:67,8,0,2
BRDA:67,8,1,1
BRDA:67,9,0,3
BRDA:67,9,1,3
BRDA:67,9,2,2
BRDA:69,10,0,1
BRDA:69,10,1,3
BRDA:69,11,0,4
BRDA:69,11,1,2
BRDA:74,12,0,1
BRDA:74,12,1,1
BRF:31
BRH:27
end_of_record
TN:
SF:/root/RJ/Andela/sendit/src/routes/v1/admins.js
FN:16,(anonymous_1)
FNF:1
FNH:1
FNDA:3,(anonymous_1)
DA:1,1
DA:2,1
DA:3,1
DA:4,1
DA:6,1
DA:7,1
DA:9,1
DA:16,1
DA:17,3
DA:19,3
DA:20,3
DA:21,3
DA:22,3
DA:24,3
DA:25,1
DA:26,1
DA:31,3
DA:33,3
DA:37,0
LF:19
LH:18
BRDA:19,0,0,3
BRDA:19,0,1,0
BRDA:24,1,0,1
BRDA:24,1,1,2
BRDA:31,2,0,3
BRDA:31,2,1,2
BRF:6
BRH:5
end_of_record
TN:
SF:/root/RJ/Andela/sendit/src/routes/v1/index.js
FN:14,(anonymous_1)
FNF:1
FNH:1
FNDA:1,(anonymous_1)
DA:1,1
DA:5,1
DA:14,1
DA:17,1
LF:4
LH:4
BRF:0
BRH:0
end_of_record
TN:
SF:/root/RJ/Andela/sendit/src/routes/v1/parcels.js
FN:23,(anonymous_1)
FN:36,(anonymous_2)
FN:57,(anonymous_3)
FN:71,(anonymous_4)
FN:84,(anonymous_5)
FN:97,(anonymous_6)
FN:110,(anonymous_7)
FN:115,(anonymous_8)
FN:125,(anonymous_9)
FNF:9
FNH:9
FNDA:1,(anonymous_1)
FNDA:2,(anonymous_2)
FNDA:1,(anonymous_3)
FNDA:1,(anonymous_4)
FNDA:1,(anonymous_5)
FNDA:1,(anonymous_6)
FNDA:1,(anonymous_7)
FNDA:7,(anonymous_8)
FNDA:2,(anonymous_9)
DA:1,1
DA:2,1
DA:3,1
DA:4,1
DA:6,1
DA:7,1
DA:9,1
DA:16,1
DA:19,1
DA:23,1
DA:24,1
DA:25,1
DA:26,1
DA:27,1
DA:29,1
DA:36,1
DA:37,2
DA:38,2
DA:39,2
DA:41,2
DA:42,2
DA:44,2
DA:45,1
DA:50,1
DA:57,1
DA:58,1
DA:60,1
DA:61,1
DA:62,1
DA:64,1
DA:71,1
DA:72,1
DA:73,1
DA:74,1
DA:75,1
DA:77,1
DA:84,1
DA:85,1
DA:86,1
DA:87,1
DA:88,1
DA:90,1
DA:97,1
DA:98,1
DA:99,1
DA:100,1
DA:101,1
DA:103,1
DA:110,1
DA:111,1
DA:112,1
DA:114,1
DA:115,1
DA:116,7
DA:117,1
DA:118,1
DA:125,1
DA:126,2
DA:127,2
DA:128,2
DA:129,2
DA:131,2
DA:132,1
DA:134,1
DA:139,1
LF:65
LH:65
BRDA:25,0,0,1
BRDA:25,0,1,1
BRDA:38,1,0,2
BRDA:38,1,1,2
BRDA:39,2,0,2
BRDA:39,2,1,2
BRDA:44,3,0,1
BRDA:44,3,1,1
BRDA:60,4,0,1
BRDA:60,4,1,1
BRDA:73,5,0,1
BRDA:73,5,1,1
BRDA:86,6,0,1
BRDA:86,6,1,1
BRDA:99,7,0,1
BRDA:99,7,1,1
BRDA:112,8,0,1
BRDA:112,8,1,1
BRDA:114,9,0,1
BRDA:114,9,1,0
BRDA:114,10,0,1
BRDA:114,10,1,1
BRDA:116,11,0,1
BRDA:116,11,1,6
BRDA:127,12,0,2
BRDA:127,12,1,2
BRDA:131,13,0,1
BRDA:131,13,1,1
BRF:28
BRH:27
end_of_record
TN:
SF:/root/RJ/Andela/sendit/src/routes/v1/users.js
FN:24,(anonymous_1)
FN:49,(anonymous_2)
FN:80,(anonymous_3)
FN:100,(anonymous_4)
FN:115,(anonymous_5)
FN:130,(anonymous_6)
FN:145,(anonymous_7)
FN:160,(anonymous_8)
FN:175,(anonymous_9)
FN:180,(anonymous_10)
FN:190,(anonymous_11)
FNF:11
FNH:11
FNDA:2,(anonymous_1)
FNDA:3,(anonymous_2)
FNDA:2,(anonymous_3)
FNDA:1,(anonymous_4)
FNDA:1,(anonymous_5)
FNDA:1,(anonymous_6)
FNDA:1,(anonymous_7)
FNDA:1,(anonymous_8)
FNDA:1,(anonymous_9)
FNDA:6,(anonymous_10)
FNDA:2,(anonymous_11)
DA:1,1
DA:2,1
DA:3,1
DA:4,1
DA:5,1
DA:7,1
DA:8,1
DA:10,1
DA:17,1
DA:20,1
DA:24,1
DA:25,2
DA:26,2
DA:27,2
DA:29,2
DA:30,2
DA:32,2
DA:33,1
DA:38,2
DA:40,2
DA:44,0
DA:49,1
DA:50,3
DA:52,3
DA:53,3
DA:54,3
DA:56,3
DA:57,3
DA:59,3
DA:61,3
DA:62,1
DA:63,1
DA:64,1
DA:69,3
DA:71,3
DA:75,0
DA:80,1
DA:81,2
DA:82,2
DA:83,2
DA:84,2
DA:86,2
DA:87,1
DA:88,1
DA:93,2
DA:100,1
DA:101,1
DA:103,1
DA:104,1
DA:105,1
DA:107,1
DA:115,1
DA:116,1
DA:118,1
DA:119,1
DA:120,1
DA:122,1
DA:130,1
DA:131,1
DA:133,1
DA:134,1
DA:135,1
DA:137,1
DA:145,1
DA:146,1
DA:148,1
DA:149,1
DA:150,1
DA:152,1
DA:160,1
DA:161,1
DA:163,1
DA:164,1
DA:165,1
DA:167,1
DA:175,1
DA:176,1
DA:177,1
DA:179,1
DA:180,1
DA:181,6
DA:182,1
DA:183,1
DA:190,1
DA:191,2
DA:193,2
DA:194,2
DA:195,2
DA:197,2
DA:198,1
DA:200,1
DA:206,1
LF:92
LH:90
BRDA:26,0,0,2
BRDA:26,0,1,2
BRDA:29,1,0,2
BRDA:29,1,1,0
BRDA:32,2,0,1
BRDA:32,2,1,1
BRDA:38,3,0,2
BRDA:38,3,1,2
BRDA:52,4,0,3
BRDA:52,4,1,0
BRDA:53,5,0,3
BRDA:53,5,1,3
BRDA:54,6,0,3
BRDA:54,6,1,3
BRDA:61,7,0,1
BRDA:61,7,1,2
BRDA:69,8,0,3
BRDA:69,8,1,2
BRDA:82,9,0,2
BRDA:82,9,1,2
BRDA:86,10,0,1
BRDA:86,10,1,1
BRDA:103,11,0,1
BRDA:103,11,1,1
BRDA:118,12,0,1
BRDA:118,12,1,1
BRDA:133,13,0,1
BRDA:133,13,1,1
BRDA:148,14,0,1
BRDA:148,14,1,1
BRDA:163,15,0,1
BRDA:163,15,1,1
BRDA:177,16,0,1
BRDA:177,16,1,1
BRDA:179,17,0,1
BRDA:179,17,1,0
BRDA:179,18,0,1
BRDA:179,18,1,1
BRDA:181,19,0,1
BRDA:181,19,1,5
BRDA:193,20,0,2
BRDA:193,20,1,2
BRDA:197,21,0,1
BRDA:197,21,1,1
BRF:44
BRH:41
end_of_record
